<?xml version="1.0" encoding="UTF-8"?>
<!-- Generated by org.testng.reporters.JUnitXMLReporter -->
<testsuite hostname="ntpc02201" name="TC_REG_MUK_078" tests="1" failures="0" timestamp="6 Aug 2018 08:28:01 GMT" time="0.017" errors="0">
  <testcase name="@BeforeTest checkTestRunnable" time="0.0" classname="com.selenium.mothercare.testcases.SuiteCartPage_Desktop.TC_REG_MUK_078">
    <skipped/>
  </testcase> <!-- @BeforeTest checkTestRunnable -->
  <testcase name="@BeforeMethod init" time="0.0" classname="com.selenium.mothercare.testcases.SuiteCartPage_Desktop.TC_REG_MUK_078">
    <skipped/>
  </testcase> <!-- @BeforeMethod init -->
  <testcase name="@AfterMethod quit" time="0.0" classname="com.selenium.mothercare.testcases.SuiteCartPage_Desktop.TC_REG_MUK_078">
    <skipped/>
  </testcase> <!-- @AfterMethod quit -->
  <testcase name="@AfterTest tearDown" time="0.0" classname="com.selenium.mothercare.testcases.SuiteCartPage_Desktop.TC_REG_MUK_078">
    <skipped/>
  </testcase> <!-- @AfterTest tearDown -->
  <testcase name="tc_REG_MUK_78" time="0.0" classname="com.selenium.mothercare.testcases.SuiteCartPage_Desktop.TC_REG_MUK_078">
    <skipped/>
  </testcase> <!-- tc_REG_MUK_78 -->
</testsuite> <!-- TC_REG_MUK_078 -->
