<?xml version="1.0" encoding="UTF-8"?>
<!-- Generated by org.testng.reporters.JUnitXMLReporter -->
<testsuite hostname="ntpc02201" name="TC_REG_MUK_146" tests="1" failures="1" timestamp="6 Aug 2018 07:16:12 GMT" time="221.579" errors="0">
  <testcase name="tc_REG_MUK_146" time="158.801" classname="com.selenium.mothercare.testcases.SuiteCheckout_Desktop.TC_REG_MUK_146">
    <failure type="java.lang.AssertionError" message="Unable to redeem gift card">
      <![CDATA[java.lang.AssertionError: Unable to redeem gift card
	at com.selenium.core.base.TestBase.reportFailure(TestBase.java:1051)
	at com.selenium.mothercare.testcases.SuiteCheckout_Desktop.TC_REG_MUK_146.tc_REG_MUK_146(TC_REG_MUK_146.java:153)
... Removed 26 stack frames]]>
    </failure>
  </testcase> <!-- tc_REG_MUK_146 -->
</testsuite> <!-- TC_REG_MUK_146 -->
