<?xml version="1.0" encoding="UTF-8"?>
<!-- Generated by org.testng.reporters.JUnitXMLReporter -->
<testsuite hostname="ntpc02201" name="TC_REG_MUK_144" tests="1" failures="1" timestamp="6 Aug 2018 07:12:30 GMT" time="242.323" errors="0">
  <testcase name="tc_REG_MUK_144" time="178.253" classname="com.selenium.mothercare.testcases.SuiteCheckout_Desktop.TC_REG_MUK_144">
    <failure type="java.lang.AssertionError" message="Unable to redeem gift card">
      <![CDATA[java.lang.AssertionError: Unable to redeem gift card
	at com.selenium.core.base.TestBase.reportFailure(TestBase.java:1051)
	at com.selenium.mothercare.testcases.SuiteCheckout_Desktop.TC_REG_MUK_144.tc_REG_MUK_144(TC_REG_MUK_144.java:144)
... Removed 26 stack frames]]>
    </failure>
  </testcase> <!-- tc_REG_MUK_144 -->
</testsuite> <!-- TC_REG_MUK_144 -->
