<?xml version="1.0" encoding="UTF-8"?>
<!-- Generated by org.testng.reporters.JUnitXMLReporter -->
<testsuite hostname="ntpc02201" name="TC_REG_MUK_143" tests="1" failures="1" timestamp="6 Aug 2018 06:52:56 GMT" time="258.766" errors="0">
  <testcase name="tc_REG_MUK_143" time="195.498" classname="com.selenium.mothercare.testcases.SuiteCheckout_Desktop.TC_REG_MUK_143">
    <failure type="java.lang.AssertionError" message="Unable to redeem gift card">
      <![CDATA[java.lang.AssertionError: Unable to redeem gift card
	at com.selenium.core.base.TestBase.reportFailure(TestBase.java:1051)
	at com.selenium.mothercare.testcases.SuiteCheckout_Desktop.TC_REG_MUK_143.tc_REG_MUK_143(TC_REG_MUK_143.java:170)
... Removed 26 stack frames]]>
    </failure>
  </testcase> <!-- tc_REG_MUK_143 -->
</testsuite> <!-- TC_REG_MUK_143 -->
