<?xml version="1.0" encoding="UTF-8"?>
<testng-results skipped="2" failed="17" total="85" passed="66">
  <reporter-output>
  </reporter-output>
  <suite name="SuiteSuiteFinder_Desktop" duration-ms="93877" started-at="2018-08-06T09:30:16Z" finished-at="2018-08-06T09:31:50Z">
    <groups>
    </groups>
    <test name="TC_REG_MUK_198" duration-ms="93877" started-at="2018-08-06T09:30:16Z" finished-at="2018-08-06T09:31:50Z">
      <class name="com.selenium.mothercare.testcases.SuiteStoreFinder_Desktop.TC_REG_MUK_198">
        <test-method status="PASS" signature="checkTestRunnable()[pri:0, instance:com.selenium.mothercare.testcases.SuiteStoreFinder_Desktop.TC_REG_MUK_198@e9fd99]" name="checkTestRunnable" is-config="true" duration-ms="64" started-at="2018-08-06T15:00:16Z" finished-at="2018-08-06T15:00:16Z">
          <reporter-output>
          </reporter-output>
        </test-method> <!-- checkTestRunnable -->
        <test-method status="PASS" signature="init()[pri:0, instance:com.selenium.mothercare.testcases.SuiteStoreFinder_Desktop.TC_REG_MUK_198@e9fd99]" name="init" is-config="true" duration-ms="58980" started-at="2018-08-06T15:00:16Z" finished-at="2018-08-06T15:01:15Z">
          <reporter-output>
          </reporter-output>
        </test-method> <!-- init -->
        <test-method status="FAIL" signature="tc_REG_MUK_198(java.util.Hashtable)[pri:0, instance:com.selenium.mothercare.testcases.SuiteStoreFinder_Desktop.TC_REG_MUK_198@e9fd99]" name="tc_REG_MUK_198" duration-ms="30934" started-at="2018-08-06T15:01:15Z" data-provider="getData" finished-at="2018-08-06T15:01:46Z">
          <params>
            <param index="0">
              <value>
                <![CDATA[{Runmode=Y, Store=TW3}]]>
              </value>
            </param>
          </params>
          <exception class="java.lang.AssertionError">
            <message>
              <![CDATA[no such element: Unable to locate element: {"method":"xpath","selector":"//input[@id='dwfrm_storelocator_searchquery']"}
  (Session info: chrome=57.0.2987.133)
  (Driver info: chromedriver=2.29.461591 (62ebf098771772160f391d75e589dc567915b233),platform=Windows NT 6.1.7601 SP1 x86_64) (WARNING: The server did not provide any stacktrace information)
Command duration or timeout: 20.02 seconds
For documentation on this error, please visit: http://seleniumhq.org/exceptions/no_such_element.html
Build info: version: '3.1.0', revision: 'b94c902', time: '2017-02-16 12:21:31 -0800'
System info: host: 'NTPC02201', ip: '192.168.160.117', os.name: 'Windows 7', os.arch: 'x86', os.version: '6.1', java.version: '1.8.0_144'
Driver info: org.openqa.selenium.chrome.ChromeDriver
Capabilities [{applicationCacheEnabled=false, rotatable=false, mobileEmulationEnabled=false, networkConnectionEnabled=false, chrome={chromedriverVersion=2.29.461591 (62ebf098771772160f391d75e589dc567915b233), userDataDir=C:\Users\VIKRAN~1.RAT\AppData\Local\Temp\scoped_dir3364_14343}, takesHeapSnapshot=true, pageLoadStrategy=normal, databaseEnabled=false, handlesAlerts=true, hasTouchScreen=false, version=57.0.2987.133, platform=XP, browserConnectionEnabled=false, nativeEvents=true, acceptSslCerts=true, locationContextEnabled=true, webStorageEnabled=true, browserName=chrome, takesScreenshot=true, javascriptEnabled=true, cssSelectorsEnabled=true, unexpectedAlertBehaviour=}]
Session ID: 8783c337fd028c49e5e24c85ad6b324e
*** Element info: {Using=xpath, value=//input[@id='dwfrm_storelocator_searchquery']}]]>
            </message>
            <full-stacktrace>
              <![CDATA[java.lang.AssertionError: no such element: Unable to locate element: {"method":"xpath","selector":"//input[@id='dwfrm_storelocator_searchquery']"}
  (Session info: chrome=57.0.2987.133)
  (Driver info: chromedriver=2.29.461591 (62ebf098771772160f391d75e589dc567915b233),platform=Windows NT 6.1.7601 SP1 x86_64) (WARNING: The server did not provide any stacktrace information)
Command duration or timeout: 20.02 seconds
For documentation on this error, please visit: http://seleniumhq.org/exceptions/no_such_element.html
Build info: version: '3.1.0', revision: 'b94c902', time: '2017-02-16 12:21:31 -0800'
System info: host: 'NTPC02201', ip: '192.168.160.117', os.name: 'Windows 7', os.arch: 'x86', os.version: '6.1', java.version: '1.8.0_144'
Driver info: org.openqa.selenium.chrome.ChromeDriver
Capabilities [{applicationCacheEnabled=false, rotatable=false, mobileEmulationEnabled=false, networkConnectionEnabled=false, chrome={chromedriverVersion=2.29.461591 (62ebf098771772160f391d75e589dc567915b233), userDataDir=C:\Users\VIKRAN~1.RAT\AppData\Local\Temp\scoped_dir3364_14343}, takesHeapSnapshot=true, pageLoadStrategy=normal, databaseEnabled=false, handlesAlerts=true, hasTouchScreen=false, version=57.0.2987.133, platform=XP, browserConnectionEnabled=false, nativeEvents=true, acceptSslCerts=true, locationContextEnabled=true, webStorageEnabled=true, browserName=chrome, takesScreenshot=true, javascriptEnabled=true, cssSelectorsEnabled=true, unexpectedAlertBehaviour=}]
Session ID: 8783c337fd028c49e5e24c85ad6b324e
*** Element info: {Using=xpath, value=//input[@id='dwfrm_storelocator_searchquery']}
	at org.testng.Assert.fail(Assert.java:94)
	at com.selenium.core.base.TestBase.reportFailure(TestBase.java:1051)
	at com.selenium.core.base.TestBase.getElement(TestBase.java:439)
	at com.selenium.core.base.TestBase.type(TestBase.java:283)
	at com.selenium.mothercare.testcases.SuiteStoreFinder_Desktop.TC_REG_MUK_198.tc_REG_MUK_198(TC_REG_MUK_198.java:59)
	at sun.reflect.NativeMethodAccessorImpl.invoke0(Native Method)
	at sun.reflect.NativeMethodAccessorImpl.invoke(NativeMethodAccessorImpl.java:62)
	at sun.reflect.DelegatingMethodAccessorImpl.invoke(DelegatingMethodAccessorImpl.java:43)
	at java.lang.reflect.Method.invoke(Method.java:498)
	at org.testng.internal.MethodInvocationHelper.invokeMethod(MethodInvocationHelper.java:80)
	at org.testng.internal.Invoker.invokeMethod(Invoker.java:714)
	at org.testng.internal.Invoker.invokeTestMethod(Invoker.java:901)
	at org.testng.internal.Invoker.invokeTestMethods(Invoker.java:1231)
	at org.testng.internal.TestMethodWorker.invokeTestMethods(TestMethodWorker.java:127)
	at org.testng.internal.TestMethodWorker.run(TestMethodWorker.java:111)
	at org.testng.TestRunner.privateRun(TestRunner.java:767)
	at org.testng.TestRunner.run(TestRunner.java:617)
	at org.testng.SuiteRunner.runTest(SuiteRunner.java:334)
	at org.testng.SuiteRunner.runSequentially(SuiteRunner.java:329)
	at org.testng.SuiteRunner.privateRun(SuiteRunner.java:291)
	at org.testng.SuiteRunner.run(SuiteRunner.java:240)
	at org.testng.SuiteRunnerWorker.runSuite(SuiteRunnerWorker.java:52)
	at org.testng.SuiteRunnerWorker.run(SuiteRunnerWorker.java:86)
	at org.testng.TestNG.runSuitesSequentially(TestNG.java:1198)
	at org.testng.TestNG.runSuitesSequentially(TestNG.java:1194)
	at org.testng.TestNG.runSuitesLocally(TestNG.java:1123)
	at org.testng.TestNG.run(TestNG.java:1031)
	at org.testng.remote.AbstractRemoteTestNG.run(AbstractRemoteTestNG.java:114)
	at org.testng.remote.RemoteTestNG.initAndRun(RemoteTestNG.java:251)
	at org.testng.remote.RemoteTestNG.main(RemoteTestNG.java:77)
]]>
            </full-stacktrace>
          </exception> <!-- java.lang.AssertionError -->
          <reporter-output>
          </reporter-output>
        </test-method> <!-- tc_REG_MUK_198 -->
        <test-method status="PASS" signature="quit()[pri:0, instance:com.selenium.mothercare.testcases.SuiteStoreFinder_Desktop.TC_REG_MUK_198@e9fd99]" name="quit" is-config="true" duration-ms="62" started-at="2018-08-06T15:01:46Z" finished-at="2018-08-06T15:01:46Z">
          <reporter-output>
          </reporter-output>
        </test-method> <!-- quit -->
        <test-method status="PASS" signature="tearDown()[pri:0, instance:com.selenium.mothercare.testcases.SuiteStoreFinder_Desktop.TC_REG_MUK_198@e9fd99]" name="tearDown" is-config="true" duration-ms="3822" started-at="2018-08-06T15:01:46Z" finished-at="2018-08-06T15:01:50Z">
          <reporter-output>
          </reporter-output>
        </test-method> <!-- tearDown -->
      </class> <!-- com.selenium.mothercare.testcases.SuiteStoreFinder_Desktop.TC_REG_MUK_198 -->
    </test> <!-- TC_REG_MUK_198 -->
  </suite> <!-- SuiteSuiteFinder_Desktop -->
  <suite name="SuiteDeliveryCharges_Desktop" duration-ms="960973" started-at="2018-08-06T07:49:56Z" finished-at="2018-08-06T08:05:57Z">
    <groups>
    </groups>
    <test name="TC_REG_MUK_248" duration-ms="138865" started-at="2018-08-06T07:49:56Z" finished-at="2018-08-06T07:52:15Z">
      <class name="com.selenium.mothercare.testcases.SuiteDeliveryCharges_Desktop.TC_REG_MUK_248">
        <test-method status="PASS" signature="checkTestRunnable()[pri:0, instance:com.selenium.mothercare.testcases.SuiteDeliveryCharges_Desktop.TC_REG_MUK_248@d8c9b7]" name="checkTestRunnable" is-config="true" duration-ms="63" started-at="2018-08-06T13:19:56Z" finished-at="2018-08-06T13:19:56Z">
          <reporter-output>
          </reporter-output>
        </test-method> <!-- checkTestRunnable -->
        <test-method status="PASS" signature="init()[pri:0, instance:com.selenium.mothercare.testcases.SuiteDeliveryCharges_Desktop.TC_REG_MUK_248@d8c9b7]" name="init" is-config="true" duration-ms="58694" started-at="2018-08-06T13:19:56Z" finished-at="2018-08-06T13:20:55Z">
          <reporter-output>
          </reporter-output>
        </test-method> <!-- init -->
        <test-method status="PASS" signature="tc_REG_MUK_248(java.util.Hashtable)[pri:0, instance:com.selenium.mothercare.testcases.SuiteDeliveryCharges_Desktop.TC_REG_MUK_248@d8c9b7]" name="tc_REG_MUK_248" duration-ms="76243" started-at="2018-08-06T13:20:55Z" data-provider="getData" finished-at="2018-08-06T13:22:11Z">
          <params>
            <param index="0">
              <value>
                <![CDATA[{Username=vikrant.rathod@mothercare.com, Password=oct@2017, Product=511423, Runmode=Y}]]>
              </value>
            </param>
          </params>
          <reporter-output>
          </reporter-output>
        </test-method> <!-- tc_REG_MUK_248 -->
        <test-method status="PASS" signature="quit()[pri:0, instance:com.selenium.mothercare.testcases.SuiteDeliveryCharges_Desktop.TC_REG_MUK_248@d8c9b7]" name="quit" is-config="true" duration-ms="47" started-at="2018-08-06T13:22:11Z" finished-at="2018-08-06T13:22:11Z">
          <reporter-output>
          </reporter-output>
        </test-method> <!-- quit -->
        <test-method status="PASS" signature="tearDown()[pri:0, instance:com.selenium.mothercare.testcases.SuiteDeliveryCharges_Desktop.TC_REG_MUK_248@d8c9b7]" name="tearDown" is-config="true" duration-ms="3802" started-at="2018-08-06T13:22:11Z" finished-at="2018-08-06T13:22:15Z">
          <reporter-output>
          </reporter-output>
        </test-method> <!-- tearDown -->
      </class> <!-- com.selenium.mothercare.testcases.SuiteDeliveryCharges_Desktop.TC_REG_MUK_248 -->
    </test> <!-- TC_REG_MUK_248 -->
    <test name="TC_REG_MUK_250" duration-ms="142064" started-at="2018-08-06T07:52:15Z" finished-at="2018-08-06T07:54:37Z">
      <class name="com.selenium.mothercare.testcases.SuiteDeliveryCharges_Desktop.TC_REG_MUK_250">
        <test-method status="PASS" signature="checkTestRunnable()[pri:0, instance:com.selenium.mothercare.testcases.SuiteDeliveryCharges_Desktop.TC_REG_MUK_250@1dced80]" name="checkTestRunnable" is-config="true" duration-ms="32" started-at="2018-08-06T13:22:15Z" finished-at="2018-08-06T13:22:15Z">
          <reporter-output>
          </reporter-output>
        </test-method> <!-- checkTestRunnable -->
        <test-method status="PASS" signature="init()[pri:0, instance:com.selenium.mothercare.testcases.SuiteDeliveryCharges_Desktop.TC_REG_MUK_250@1dced80]" name="init" is-config="true" duration-ms="59580" started-at="2018-08-06T13:22:15Z" finished-at="2018-08-06T13:23:14Z">
          <reporter-output>
          </reporter-output>
        </test-method> <!-- init -->
        <test-method status="PASS" signature="tc_REG_MUK_250(java.util.Hashtable)[pri:0, instance:com.selenium.mothercare.testcases.SuiteDeliveryCharges_Desktop.TC_REG_MUK_250@1dced80]" name="tc_REG_MUK_250" duration-ms="78547" started-at="2018-08-06T13:23:14Z" data-provider="getData" finished-at="2018-08-06T13:24:33Z">
          <params>
            <param index="0">
              <value>
                <![CDATA[{Username=vikrant.rathod@mothercare.com, Password=oct@2017, Product=511423, Runmode=Y}]]>
              </value>
            </param>
          </params>
          <reporter-output>
          </reporter-output>
        </test-method> <!-- tc_REG_MUK_250 -->
        <test-method status="PASS" signature="quit()[pri:0, instance:com.selenium.mothercare.testcases.SuiteDeliveryCharges_Desktop.TC_REG_MUK_250@1dced80]" name="quit" is-config="true" duration-ms="80" started-at="2018-08-06T13:24:33Z" finished-at="2018-08-06T13:24:33Z">
          <reporter-output>
          </reporter-output>
        </test-method> <!-- quit -->
        <test-method status="PASS" signature="tearDown()[pri:0, instance:com.selenium.mothercare.testcases.SuiteDeliveryCharges_Desktop.TC_REG_MUK_250@1dced80]" name="tearDown" is-config="true" duration-ms="3809" started-at="2018-08-06T13:24:33Z" finished-at="2018-08-06T13:24:37Z">
          <reporter-output>
          </reporter-output>
        </test-method> <!-- tearDown -->
      </class> <!-- com.selenium.mothercare.testcases.SuiteDeliveryCharges_Desktop.TC_REG_MUK_250 -->
    </test> <!-- TC_REG_MUK_250 -->
    <test name="TC_REG_MUK_251" duration-ms="130954" started-at="2018-08-06T07:54:37Z" finished-at="2018-08-06T07:56:48Z">
      <class name="com.selenium.mothercare.testcases.SuiteDeliveryCharges_Desktop.TC_REG_MUK_251">
        <test-method status="PASS" signature="checkTestRunnable()[pri:0, instance:com.selenium.mothercare.testcases.SuiteDeliveryCharges_Desktop.TC_REG_MUK_251@b7fc54]" name="checkTestRunnable" is-config="true" duration-ms="16" started-at="2018-08-06T13:24:37Z" finished-at="2018-08-06T13:24:37Z">
          <reporter-output>
          </reporter-output>
        </test-method> <!-- checkTestRunnable -->
        <test-method status="PASS" signature="init()[pri:0, instance:com.selenium.mothercare.testcases.SuiteDeliveryCharges_Desktop.TC_REG_MUK_251@b7fc54]" name="init" is-config="true" duration-ms="59026" started-at="2018-08-06T13:24:37Z" finished-at="2018-08-06T13:25:36Z">
          <reporter-output>
          </reporter-output>
        </test-method> <!-- init -->
        <test-method status="PASS" signature="tc_REG_MUK_251(java.util.Hashtable)[pri:0, instance:com.selenium.mothercare.testcases.SuiteDeliveryCharges_Desktop.TC_REG_MUK_251@b7fc54]" name="tc_REG_MUK_251" duration-ms="68001" started-at="2018-08-06T13:25:36Z" data-provider="getData" finished-at="2018-08-06T13:26:44Z">
          <params>
            <param index="0">
              <value>
                <![CDATA[{Username=savedcard2@mailinator.com, Password=Test_1234, Product=680091, Runmode=Y}]]>
              </value>
            </param>
          </params>
          <reporter-output>
          </reporter-output>
        </test-method> <!-- tc_REG_MUK_251 -->
        <test-method status="PASS" signature="quit()[pri:0, instance:com.selenium.mothercare.testcases.SuiteDeliveryCharges_Desktop.TC_REG_MUK_251@b7fc54]" name="quit" is-config="true" duration-ms="39" started-at="2018-08-06T13:26:44Z" finished-at="2018-08-06T13:26:44Z">
          <reporter-output>
          </reporter-output>
        </test-method> <!-- quit -->
        <test-method status="PASS" signature="tearDown()[pri:0, instance:com.selenium.mothercare.testcases.SuiteDeliveryCharges_Desktop.TC_REG_MUK_251@b7fc54]" name="tearDown" is-config="true" duration-ms="3856" started-at="2018-08-06T13:26:44Z" finished-at="2018-08-06T13:26:48Z">
          <reporter-output>
          </reporter-output>
        </test-method> <!-- tearDown -->
      </class> <!-- com.selenium.mothercare.testcases.SuiteDeliveryCharges_Desktop.TC_REG_MUK_251 -->
    </test> <!-- TC_REG_MUK_251 -->
    <test name="TC_REG_MUK_252" duration-ms="136920" started-at="2018-08-06T07:56:48Z" finished-at="2018-08-06T07:59:05Z">
      <class name="com.selenium.mothercare.testcases.SuiteDeliveryCharges_Desktop.TC_REG_MUK_252">
        <test-method status="PASS" signature="checkTestRunnable()[pri:0, instance:com.selenium.mothercare.testcases.SuiteDeliveryCharges_Desktop.TC_REG_MUK_252@11473ab]" name="checkTestRunnable" is-config="true" duration-ms="16" started-at="2018-08-06T13:26:48Z" finished-at="2018-08-06T13:26:48Z">
          <reporter-output>
          </reporter-output>
        </test-method> <!-- checkTestRunnable -->
        <test-method status="PASS" signature="init()[pri:0, instance:com.selenium.mothercare.testcases.SuiteDeliveryCharges_Desktop.TC_REG_MUK_252@11473ab]" name="init" is-config="true" duration-ms="58979" started-at="2018-08-06T13:26:48Z" finished-at="2018-08-06T13:27:47Z">
          <reporter-output>
          </reporter-output>
        </test-method> <!-- init -->
        <test-method status="PASS" signature="tc_REG_MUK_252(java.util.Hashtable)[pri:0, instance:com.selenium.mothercare.testcases.SuiteDeliveryCharges_Desktop.TC_REG_MUK_252@11473ab]" name="tc_REG_MUK_252" duration-ms="74015" started-at="2018-08-06T13:27:47Z" data-provider="getData" finished-at="2018-08-06T13:29:01Z">
          <params>
            <param index="0">
              <value>
                <![CDATA[{Username=savedcard2@mailinator.com, Password=Test_1234, Product=680091, Runmode=Y}]]>
              </value>
            </param>
          </params>
          <reporter-output>
          </reporter-output>
        </test-method> <!-- tc_REG_MUK_252 -->
        <test-method status="PASS" signature="quit()[pri:0, instance:com.selenium.mothercare.testcases.SuiteDeliveryCharges_Desktop.TC_REG_MUK_252@11473ab]" name="quit" is-config="true" duration-ms="63" started-at="2018-08-06T13:29:01Z" finished-at="2018-08-06T13:29:01Z">
          <reporter-output>
          </reporter-output>
        </test-method> <!-- quit -->
        <test-method status="PASS" signature="tearDown()[pri:0, instance:com.selenium.mothercare.testcases.SuiteDeliveryCharges_Desktop.TC_REG_MUK_252@11473ab]" name="tearDown" is-config="true" duration-ms="3816" started-at="2018-08-06T13:29:01Z" finished-at="2018-08-06T13:29:05Z">
          <reporter-output>
          </reporter-output>
        </test-method> <!-- tearDown -->
      </class> <!-- com.selenium.mothercare.testcases.SuiteDeliveryCharges_Desktop.TC_REG_MUK_252 -->
    </test> <!-- TC_REG_MUK_252 -->
    <test name="TC_REG_MUK_253" duration-ms="136241" started-at="2018-08-06T07:59:05Z" finished-at="2018-08-06T08:01:21Z">
      <class name="com.selenium.mothercare.testcases.SuiteDeliveryCharges_Desktop.TC_REG_MUK_253">
        <test-method status="PASS" signature="checkTestRunnable()[pri:0, instance:com.selenium.mothercare.testcases.SuiteDeliveryCharges_Desktop.TC_REG_MUK_253@f888f6]" name="checkTestRunnable" is-config="true" duration-ms="15" started-at="2018-08-06T13:29:05Z" finished-at="2018-08-06T13:29:05Z">
          <reporter-output>
          </reporter-output>
        </test-method> <!-- checkTestRunnable -->
        <test-method status="PASS" signature="init()[pri:0, instance:com.selenium.mothercare.testcases.SuiteDeliveryCharges_Desktop.TC_REG_MUK_253@f888f6]" name="init" is-config="true" duration-ms="58950" started-at="2018-08-06T13:29:05Z" finished-at="2018-08-06T13:30:04Z">
          <reporter-output>
          </reporter-output>
        </test-method> <!-- init -->
        <test-method status="PASS" signature="tc_REG_MUK_253(java.util.Hashtable)[pri:0, instance:com.selenium.mothercare.testcases.SuiteDeliveryCharges_Desktop.TC_REG_MUK_253@f888f6]" name="tc_REG_MUK_253" duration-ms="73335" started-at="2018-08-06T13:30:04Z" data-provider="getData" finished-at="2018-08-06T13:31:17Z">
          <params>
            <param index="0">
              <value>
                <![CDATA[{Username=vikrant.rathod@mothercare.com, Password=oct@2017, Product=511423, Runmode=Y}]]>
              </value>
            </param>
          </params>
          <reporter-output>
          </reporter-output>
        </test-method> <!-- tc_REG_MUK_253 -->
        <test-method status="PASS" signature="quit()[pri:0, instance:com.selenium.mothercare.testcases.SuiteDeliveryCharges_Desktop.TC_REG_MUK_253@f888f6]" name="quit" is-config="true" duration-ms="77" started-at="2018-08-06T13:31:17Z" finished-at="2018-08-06T13:31:17Z">
          <reporter-output>
          </reporter-output>
        </test-method> <!-- quit -->
        <test-method status="PASS" signature="tearDown()[pri:0, instance:com.selenium.mothercare.testcases.SuiteDeliveryCharges_Desktop.TC_REG_MUK_253@f888f6]" name="tearDown" is-config="true" duration-ms="3816" started-at="2018-08-06T13:31:17Z" finished-at="2018-08-06T13:31:21Z">
          <reporter-output>
          </reporter-output>
        </test-method> <!-- tearDown -->
      </class> <!-- com.selenium.mothercare.testcases.SuiteDeliveryCharges_Desktop.TC_REG_MUK_253 -->
    </test> <!-- TC_REG_MUK_253 -->
    <test name="TC_REG_MUK_254" duration-ms="137996" started-at="2018-08-06T08:01:21Z" finished-at="2018-08-06T08:03:39Z">
      <class name="com.selenium.mothercare.testcases.SuiteDeliveryCharges_Desktop.TC_REG_MUK_254">
        <test-method status="PASS" signature="checkTestRunnable()[pri:0, instance:com.selenium.mothercare.testcases.SuiteDeliveryCharges_Desktop.TC_REG_MUK_254@1e7aac8]" name="checkTestRunnable" is-config="true" duration-ms="15" started-at="2018-08-06T13:31:21Z" finished-at="2018-08-06T13:31:21Z">
          <reporter-output>
          </reporter-output>
        </test-method> <!-- checkTestRunnable -->
        <test-method status="PASS" signature="init()[pri:0, instance:com.selenium.mothercare.testcases.SuiteDeliveryCharges_Desktop.TC_REG_MUK_254@1e7aac8]" name="init" is-config="true" duration-ms="58939" started-at="2018-08-06T13:31:21Z" finished-at="2018-08-06T13:32:20Z">
          <reporter-output>
          </reporter-output>
        </test-method> <!-- init -->
        <test-method status="PASS" signature="tc_REG_MUK_254(java.util.Hashtable)[pri:0, instance:com.selenium.mothercare.testcases.SuiteDeliveryCharges_Desktop.TC_REG_MUK_254@1e7aac8]" name="tc_REG_MUK_254" duration-ms="75195" started-at="2018-08-06T13:32:20Z" data-provider="getData" finished-at="2018-08-06T13:33:35Z">
          <params>
            <param index="0">
              <value>
                <![CDATA[{Username=vikrant.rathod@mothercare.com, Password=oct@2017, Product=511423, Runmode=Y}]]>
              </value>
            </param>
          </params>
          <reporter-output>
          </reporter-output>
        </test-method> <!-- tc_REG_MUK_254 -->
        <test-method status="PASS" signature="quit()[pri:0, instance:com.selenium.mothercare.testcases.SuiteDeliveryCharges_Desktop.TC_REG_MUK_254@1e7aac8]" name="quit" is-config="true" duration-ms="47" started-at="2018-08-06T13:33:35Z" finished-at="2018-08-06T13:33:35Z">
          <reporter-output>
          </reporter-output>
        </test-method> <!-- quit -->
        <test-method status="PASS" signature="tearDown()[pri:0, instance:com.selenium.mothercare.testcases.SuiteDeliveryCharges_Desktop.TC_REG_MUK_254@1e7aac8]" name="tearDown" is-config="true" duration-ms="3784" started-at="2018-08-06T13:33:35Z" finished-at="2018-08-06T13:33:39Z">
          <reporter-output>
          </reporter-output>
        </test-method> <!-- tearDown -->
      </class> <!-- com.selenium.mothercare.testcases.SuiteDeliveryCharges_Desktop.TC_REG_MUK_254 -->
    </test> <!-- TC_REG_MUK_254 -->
    <test name="TC_REG_MUK_255" duration-ms="137933" started-at="2018-08-06T08:03:39Z" finished-at="2018-08-06T08:05:57Z">
      <class name="com.selenium.mothercare.testcases.SuiteDeliveryCharges_Desktop.TC_REG_MUK_255">
        <test-method status="PASS" signature="checkTestRunnable()[pri:0, instance:com.selenium.mothercare.testcases.SuiteDeliveryCharges_Desktop.TC_REG_MUK_255@9f8c13]" name="checkTestRunnable" is-config="true" duration-ms="15" started-at="2018-08-06T13:33:39Z" finished-at="2018-08-06T13:33:39Z">
          <reporter-output>
          </reporter-output>
        </test-method> <!-- checkTestRunnable -->
        <test-method status="PASS" signature="init()[pri:0, instance:com.selenium.mothercare.testcases.SuiteDeliveryCharges_Desktop.TC_REG_MUK_255@9f8c13]" name="init" is-config="true" duration-ms="59231" started-at="2018-08-06T13:33:39Z" finished-at="2018-08-06T13:34:38Z">
          <reporter-output>
          </reporter-output>
        </test-method> <!-- init -->
        <test-method status="PASS" signature="tc_REG_MUK_255(java.util.Hashtable)[pri:0, instance:com.selenium.mothercare.testcases.SuiteDeliveryCharges_Desktop.TC_REG_MUK_255@9f8c13]" name="tc_REG_MUK_255" duration-ms="74802" started-at="2018-08-06T13:34:38Z" data-provider="getData" finished-at="2018-08-06T13:35:53Z">
          <params>
            <param index="0">
              <value>
                <![CDATA[{Username=vikrant.rathod@mothercare.com, Password=oct@2017, Product=511423, Runmode=Y}]]>
              </value>
            </param>
          </params>
          <reporter-output>
          </reporter-output>
        </test-method> <!-- tc_REG_MUK_255 -->
        <test-method status="PASS" signature="quit()[pri:0, instance:com.selenium.mothercare.testcases.SuiteDeliveryCharges_Desktop.TC_REG_MUK_255@9f8c13]" name="quit" is-config="true" duration-ms="62" started-at="2018-08-06T13:35:53Z" finished-at="2018-08-06T13:35:53Z">
          <reporter-output>
          </reporter-output>
        </test-method> <!-- quit -->
        <test-method status="PASS" signature="tearDown()[pri:0, instance:com.selenium.mothercare.testcases.SuiteDeliveryCharges_Desktop.TC_REG_MUK_255@9f8c13]" name="tearDown" is-config="true" duration-ms="3807" started-at="2018-08-06T13:35:53Z" finished-at="2018-08-06T13:35:57Z">
          <reporter-output>
          </reporter-output>
        </test-method> <!-- tearDown -->
      </class> <!-- com.selenium.mothercare.testcases.SuiteDeliveryCharges_Desktop.TC_REG_MUK_255 -->
    </test> <!-- TC_REG_MUK_255 -->
  </suite> <!-- SuiteDeliveryCharges_Desktop -->
  <suite name="SuitePLP_Desktop" duration-ms="590862" started-at="2018-08-06T09:11:30Z" finished-at="2018-08-06T09:21:21Z">
    <groups>
    </groups>
    <test name="TC_REG_MUK_020" duration-ms="121261" started-at="2018-08-06T09:11:30Z" finished-at="2018-08-06T09:13:31Z">
      <class name="com.selenium.mothercare.testcases.SuitePLP_Desktop.TC_REG_MUK_020">
        <test-method status="PASS" signature="checkTestRunnable()[pri:0, instance:com.selenium.mothercare.testcases.SuitePLP_Desktop.TC_REG_MUK_020@f0e0ba]" name="checkTestRunnable" is-config="true" duration-ms="49" started-at="2018-08-06T14:41:30Z" finished-at="2018-08-06T14:41:30Z">
          <reporter-output>
          </reporter-output>
        </test-method> <!-- checkTestRunnable -->
        <test-method status="PASS" signature="init()[pri:0, instance:com.selenium.mothercare.testcases.SuitePLP_Desktop.TC_REG_MUK_020@f0e0ba]" name="init" is-config="true" duration-ms="58994" started-at="2018-08-06T14:41:30Z" finished-at="2018-08-06T14:42:29Z">
          <reporter-output>
          </reporter-output>
        </test-method> <!-- init -->
        <test-method status="PASS" signature="tc_REG_MUK_020(java.util.Hashtable)[pri:0, instance:com.selenium.mothercare.testcases.SuitePLP_Desktop.TC_REG_MUK_020@f0e0ba]" name="tc_REG_MUK_020" duration-ms="58282" started-at="2018-08-06T14:42:29Z" data-provider="getData" finished-at="2018-08-06T14:43:28Z">
          <params>
            <param index="0">
              <value>
                <![CDATA[{Product=511423, Runmode=Y}]]>
              </value>
            </param>
          </params>
          <reporter-output>
          </reporter-output>
        </test-method> <!-- tc_REG_MUK_020 -->
        <test-method status="PASS" signature="quit()[pri:0, instance:com.selenium.mothercare.testcases.SuitePLP_Desktop.TC_REG_MUK_020@f0e0ba]" name="quit" is-config="true" duration-ms="47" started-at="2018-08-06T14:43:28Z" finished-at="2018-08-06T14:43:28Z">
          <reporter-output>
          </reporter-output>
        </test-method> <!-- quit -->
        <test-method status="PASS" signature="tearDown()[pri:0, instance:com.selenium.mothercare.testcases.SuitePLP_Desktop.TC_REG_MUK_020@f0e0ba]" name="tearDown" is-config="true" duration-ms="3842" started-at="2018-08-06T14:43:28Z" finished-at="2018-08-06T14:43:31Z">
          <reporter-output>
          </reporter-output>
        </test-method> <!-- tearDown -->
      </class> <!-- com.selenium.mothercare.testcases.SuitePLP_Desktop.TC_REG_MUK_020 -->
    </test> <!-- TC_REG_MUK_020 -->
    <test name="TC_REG_MUK_022" duration-ms="91397" started-at="2018-08-06T09:13:31Z" finished-at="2018-08-06T09:15:03Z">
      <class name="com.selenium.mothercare.testcases.SuitePLP_Desktop.TC_REG_MUK_022">
        <test-method status="PASS" signature="checkTestRunnable()[pri:0, instance:com.selenium.mothercare.testcases.SuitePLP_Desktop.TC_REG_MUK_022@19aaa5]" name="checkTestRunnable" is-config="true" duration-ms="16" started-at="2018-08-06T14:43:31Z" finished-at="2018-08-06T14:43:31Z">
          <reporter-output>
          </reporter-output>
        </test-method> <!-- checkTestRunnable -->
        <test-method status="PASS" signature="init()[pri:0, instance:com.selenium.mothercare.testcases.SuitePLP_Desktop.TC_REG_MUK_022@19aaa5]" name="init" is-config="true" duration-ms="58774" started-at="2018-08-06T14:43:31Z" finished-at="2018-08-06T14:44:30Z">
          <reporter-output>
          </reporter-output>
        </test-method> <!-- init -->
        <test-method status="PASS" signature="tc_REG_MUK_022(java.util.Hashtable)[pri:0, instance:com.selenium.mothercare.testcases.SuitePLP_Desktop.TC_REG_MUK_022@19aaa5]" name="tc_REG_MUK_022" duration-ms="28662" started-at="2018-08-06T14:44:30Z" data-provider="getData" finished-at="2018-08-06T14:44:59Z">
          <params>
            <param index="0">
              <value>
                <![CDATA[{Product=511423, Runmode=Y}]]>
              </value>
            </param>
          </params>
          <reporter-output>
          </reporter-output>
        </test-method> <!-- tc_REG_MUK_022 -->
        <test-method status="PASS" signature="quit()[pri:0, instance:com.selenium.mothercare.testcases.SuitePLP_Desktop.TC_REG_MUK_022@19aaa5]" name="quit" is-config="true" duration-ms="94" started-at="2018-08-06T14:44:59Z" finished-at="2018-08-06T14:44:59Z">
          <reporter-output>
          </reporter-output>
        </test-method> <!-- quit -->
        <test-method status="PASS" signature="tearDown()[pri:0, instance:com.selenium.mothercare.testcases.SuitePLP_Desktop.TC_REG_MUK_022@19aaa5]" name="tearDown" is-config="true" duration-ms="3804" started-at="2018-08-06T14:44:59Z" finished-at="2018-08-06T14:45:03Z">
          <reporter-output>
          </reporter-output>
        </test-method> <!-- tearDown -->
      </class> <!-- com.selenium.mothercare.testcases.SuitePLP_Desktop.TC_REG_MUK_022 -->
    </test> <!-- TC_REG_MUK_022 -->
    <test name="TC_REG_MUK_023" duration-ms="87008" started-at="2018-08-06T09:15:03Z" finished-at="2018-08-06T09:16:30Z">
      <class name="com.selenium.mothercare.testcases.SuitePLP_Desktop.TC_REG_MUK_023">
        <test-method status="PASS" signature="checkTestRunnable()[pri:0, instance:com.selenium.mothercare.testcases.SuitePLP_Desktop.TC_REG_MUK_023@1d019a3]" name="checkTestRunnable" is-config="true" duration-ms="47" started-at="2018-08-06T14:45:03Z" finished-at="2018-08-06T14:45:03Z">
          <reporter-output>
          </reporter-output>
        </test-method> <!-- checkTestRunnable -->
        <test-method status="PASS" signature="init()[pri:0, instance:com.selenium.mothercare.testcases.SuitePLP_Desktop.TC_REG_MUK_023@1d019a3]" name="init" is-config="true" duration-ms="59390" started-at="2018-08-06T14:45:03Z" finished-at="2018-08-06T14:46:02Z">
          <reporter-output>
          </reporter-output>
        </test-method> <!-- init -->
        <test-method status="PASS" signature="tc_REG_MUK_023(java.util.Hashtable)[pri:0, instance:com.selenium.mothercare.testcases.SuitePLP_Desktop.TC_REG_MUK_023@1d019a3]" name="tc_REG_MUK_023" duration-ms="23696" started-at="2018-08-06T14:46:02Z" data-provider="getData" finished-at="2018-08-06T14:46:26Z">
          <params>
            <param index="0">
              <value>
                <![CDATA[{Product=511423, Runmode=Y}]]>
              </value>
            </param>
          </params>
          <reporter-output>
          </reporter-output>
        </test-method> <!-- tc_REG_MUK_023 -->
        <test-method status="PASS" signature="quit()[pri:0, instance:com.selenium.mothercare.testcases.SuitePLP_Desktop.TC_REG_MUK_023@1d019a3]" name="quit" is-config="true" duration-ms="47" started-at="2018-08-06T14:46:26Z" finished-at="2018-08-06T14:46:26Z">
          <reporter-output>
          </reporter-output>
        </test-method> <!-- quit -->
        <test-method status="PASS" signature="tearDown()[pri:0, instance:com.selenium.mothercare.testcases.SuitePLP_Desktop.TC_REG_MUK_023@1d019a3]" name="tearDown" is-config="true" duration-ms="3797" started-at="2018-08-06T14:46:26Z" finished-at="2018-08-06T14:46:30Z">
          <reporter-output>
          </reporter-output>
        </test-method> <!-- tearDown -->
      </class> <!-- com.selenium.mothercare.testcases.SuitePLP_Desktop.TC_REG_MUK_023 -->
    </test> <!-- TC_REG_MUK_023 -->
    <test name="TC_REG_MUK_024" duration-ms="106787" started-at="2018-08-06T09:16:30Z" finished-at="2018-08-06T09:18:17Z">
      <class name="com.selenium.mothercare.testcases.SuitePLP_Desktop.TC_REG_MUK_024">
        <test-method status="PASS" signature="checkTestRunnable()[pri:0, instance:com.selenium.mothercare.testcases.SuitePLP_Desktop.TC_REG_MUK_024@162e04d]" name="checkTestRunnable" is-config="true" duration-ms="16" started-at="2018-08-06T14:46:30Z" finished-at="2018-08-06T14:46:30Z">
          <reporter-output>
          </reporter-output>
        </test-method> <!-- checkTestRunnable -->
        <test-method status="PASS" signature="init()[pri:0, instance:com.selenium.mothercare.testcases.SuitePLP_Desktop.TC_REG_MUK_024@162e04d]" name="init" is-config="true" duration-ms="59142" started-at="2018-08-06T14:46:30Z" finished-at="2018-08-06T14:47:29Z">
          <reporter-output>
          </reporter-output>
        </test-method> <!-- init -->
        <test-method status="PASS" signature="tc_REG_MUK_024(java.util.Hashtable)[pri:0, instance:com.selenium.mothercare.testcases.SuitePLP_Desktop.TC_REG_MUK_024@162e04d]" name="tc_REG_MUK_024" duration-ms="43757" started-at="2018-08-06T14:47:29Z" data-provider="getData" finished-at="2018-08-06T14:48:13Z">
          <params>
            <param index="0">
              <value>
                <![CDATA[{Product=511423, Runmode=Y}]]>
              </value>
            </param>
          </params>
          <reporter-output>
          </reporter-output>
        </test-method> <!-- tc_REG_MUK_024 -->
        <test-method status="PASS" signature="quit()[pri:0, instance:com.selenium.mothercare.testcases.SuitePLP_Desktop.TC_REG_MUK_024@162e04d]" name="quit" is-config="true" duration-ms="86" started-at="2018-08-06T14:48:13Z" finished-at="2018-08-06T14:48:13Z">
          <reporter-output>
          </reporter-output>
        </test-method> <!-- quit -->
        <test-method status="PASS" signature="tearDown()[pri:0, instance:com.selenium.mothercare.testcases.SuitePLP_Desktop.TC_REG_MUK_024@162e04d]" name="tearDown" is-config="true" duration-ms="3770" started-at="2018-08-06T14:48:13Z" finished-at="2018-08-06T14:48:17Z">
          <reporter-output>
          </reporter-output>
        </test-method> <!-- tearDown -->
      </class> <!-- com.selenium.mothercare.testcases.SuitePLP_Desktop.TC_REG_MUK_024 -->
    </test> <!-- TC_REG_MUK_024 -->
    <test name="TC_REG_MUK_064" duration-ms="94920" started-at="2018-08-06T09:18:17Z" finished-at="2018-08-06T09:19:52Z">
      <class name="com.selenium.mothercare.testcases.SuitePLP_Desktop.TC_REG_MUK_064">
        <test-method status="PASS" signature="checkTestRunnable()[pri:0, instance:com.selenium.mothercare.testcases.SuitePLP_Desktop.TC_REG_MUK_064@11de4c7]" name="checkTestRunnable" is-config="true" duration-ms="31" started-at="2018-08-06T14:48:17Z" finished-at="2018-08-06T14:48:17Z">
          <reporter-output>
          </reporter-output>
        </test-method> <!-- checkTestRunnable -->
        <test-method status="PASS" signature="init()[pri:0, instance:com.selenium.mothercare.testcases.SuitePLP_Desktop.TC_REG_MUK_064@11de4c7]" name="init" is-config="true" duration-ms="58891" started-at="2018-08-06T14:48:17Z" finished-at="2018-08-06T14:49:16Z">
          <reporter-output>
          </reporter-output>
        </test-method> <!-- init -->
        <test-method status="PASS" signature="tc_REG_MUK_064(java.util.Hashtable)[pri:0, instance:com.selenium.mothercare.testcases.SuitePLP_Desktop.TC_REG_MUK_064@11de4c7]" name="tc_REG_MUK_064" duration-ms="32116" started-at="2018-08-06T14:49:16Z" data-provider="getData" finished-at="2018-08-06T14:49:48Z">
          <params>
            <param index="0">
              <value>
                <![CDATA[{Product=511423, Runmode=Y}]]>
              </value>
            </param>
          </params>
          <reporter-output>
          </reporter-output>
        </test-method> <!-- tc_REG_MUK_064 -->
        <test-method status="PASS" signature="quit()[pri:0, instance:com.selenium.mothercare.testcases.SuitePLP_Desktop.TC_REG_MUK_064@11de4c7]" name="quit" is-config="true" duration-ms="62" started-at="2018-08-06T14:49:48Z" finished-at="2018-08-06T14:49:48Z">
          <reporter-output>
          </reporter-output>
        </test-method> <!-- quit -->
        <test-method status="PASS" signature="tearDown()[pri:0, instance:com.selenium.mothercare.testcases.SuitePLP_Desktop.TC_REG_MUK_064@11de4c7]" name="tearDown" is-config="true" duration-ms="3788" started-at="2018-08-06T14:49:48Z" finished-at="2018-08-06T14:49:52Z">
          <reporter-output>
          </reporter-output>
        </test-method> <!-- tearDown -->
      </class> <!-- com.selenium.mothercare.testcases.SuitePLP_Desktop.TC_REG_MUK_064 -->
    </test> <!-- TC_REG_MUK_064 -->
    <test name="TC_REG_MUK_097" duration-ms="89489" started-at="2018-08-06T09:19:52Z" finished-at="2018-08-06T09:21:21Z">
      <class name="com.selenium.mothercare.testcases.SuitePLP_Desktop.TC_REG_MUK_097">
        <test-method status="PASS" signature="checkTestRunnable()[pri:0, instance:com.selenium.mothercare.testcases.SuitePLP_Desktop.TC_REG_MUK_097@12f203f]" name="checkTestRunnable" is-config="true" duration-ms="31" started-at="2018-08-06T14:49:52Z" finished-at="2018-08-06T14:49:52Z">
          <reporter-output>
          </reporter-output>
        </test-method> <!-- checkTestRunnable -->
        <test-method status="PASS" signature="init()[pri:0, instance:com.selenium.mothercare.testcases.SuitePLP_Desktop.TC_REG_MUK_097@12f203f]" name="init" is-config="true" duration-ms="58758" started-at="2018-08-06T14:49:52Z" finished-at="2018-08-06T14:50:50Z">
          <reporter-output>
          </reporter-output>
        </test-method> <!-- init -->
        <test-method status="PASS" signature="tc_REG_MUK_097(java.util.Hashtable)[pri:0, instance:com.selenium.mothercare.testcases.SuitePLP_Desktop.TC_REG_MUK_097@12f203f]" name="tc_REG_MUK_097" duration-ms="26773" started-at="2018-08-06T14:50:50Z" data-provider="getData" finished-at="2018-08-06T14:51:17Z">
          <params>
            <param index="0">
              <value>
                <![CDATA[{Product=511423, Runmode=Y}]]>
              </value>
            </param>
          </params>
          <reporter-output>
          </reporter-output>
        </test-method> <!-- tc_REG_MUK_097 -->
        <test-method status="PASS" signature="quit()[pri:0, instance:com.selenium.mothercare.testcases.SuitePLP_Desktop.TC_REG_MUK_097@12f203f]" name="quit" is-config="true" duration-ms="65" started-at="2018-08-06T14:51:17Z" finished-at="2018-08-06T14:51:17Z">
          <reporter-output>
          </reporter-output>
        </test-method> <!-- quit -->
        <test-method status="PASS" signature="tearDown()[pri:0, instance:com.selenium.mothercare.testcases.SuitePLP_Desktop.TC_REG_MUK_097@12f203f]" name="tearDown" is-config="true" duration-ms="3830" started-at="2018-08-06T14:51:17Z" finished-at="2018-08-06T14:51:21Z">
          <reporter-output>
          </reporter-output>
        </test-method> <!-- tearDown -->
      </class> <!-- com.selenium.mothercare.testcases.SuitePLP_Desktop.TC_REG_MUK_097 -->
    </test> <!-- TC_REG_MUK_097 -->
  </suite> <!-- SuitePLP_Desktop -->
  <suite name="SuiteMyAccount_Desktop" duration-ms="359877" started-at="2018-08-06T08:46:17Z" finished-at="2018-08-06T08:52:17Z">
    <groups>
    </groups>
    <test name="TC_REG_MUK_174" duration-ms="83585" started-at="2018-08-06T08:46:17Z" finished-at="2018-08-06T08:47:40Z">
      <class name="com.selenium.mothercare.testcases.SuiteMyAccount_Desktop.TC_REG_MUK_174">
        <test-method status="PASS" signature="checkTestRunnable()[pri:0, instance:com.selenium.mothercare.testcases.SuiteMyAccount_Desktop.TC_REG_MUK_174@e52303]" name="checkTestRunnable" is-config="true" duration-ms="1" started-at="2018-08-06T14:16:17Z" finished-at="2018-08-06T14:16:17Z">
          <reporter-output>
          </reporter-output>
        </test-method> <!-- checkTestRunnable -->
        <test-method status="PASS" signature="init()[pri:0, instance:com.selenium.mothercare.testcases.SuiteMyAccount_Desktop.TC_REG_MUK_174@e52303]" name="init" is-config="true" duration-ms="59334" started-at="2018-08-06T14:16:17Z" finished-at="2018-08-06T14:17:16Z">
          <reporter-output>
          </reporter-output>
        </test-method> <!-- init -->
        <test-method status="PASS" signature="tc_REG_MUK_174(java.util.Hashtable)[pri:0, instance:com.selenium.mothercare.testcases.SuiteMyAccount_Desktop.TC_REG_MUK_174@e52303]" name="tc_REG_MUK_174" duration-ms="20264" started-at="2018-08-06T14:17:16Z" data-provider="getData" finished-at="2018-08-06T14:17:37Z">
          <params>
            <param index="0">
              <value>
                <![CDATA[{Password=Test_1234, Runmode=Y, UserName=savedcard@mailinator.com}]]>
              </value>
            </param>
          </params>
          <reporter-output>
          </reporter-output>
        </test-method> <!-- tc_REG_MUK_174 -->
        <test-method status="PASS" signature="quit()[pri:0, instance:com.selenium.mothercare.testcases.SuiteMyAccount_Desktop.TC_REG_MUK_174@e52303]" name="quit" is-config="true" duration-ms="78" started-at="2018-08-06T14:17:37Z" finished-at="2018-08-06T14:17:37Z">
          <reporter-output>
          </reporter-output>
        </test-method> <!-- quit -->
        <test-method status="PASS" signature="tearDown()[pri:0, instance:com.selenium.mothercare.testcases.SuiteMyAccount_Desktop.TC_REG_MUK_174@e52303]" name="tearDown" is-config="true" duration-ms="3861" started-at="2018-08-06T14:17:37Z" finished-at="2018-08-06T14:17:40Z">
          <reporter-output>
          </reporter-output>
        </test-method> <!-- tearDown -->
      </class> <!-- com.selenium.mothercare.testcases.SuiteMyAccount_Desktop.TC_REG_MUK_174 -->
    </test> <!-- TC_REG_MUK_174 -->
    <test name="TC_REG_MUK_175" duration-ms="120557" started-at="2018-08-06T08:47:40Z" finished-at="2018-08-06T08:49:41Z">
      <class name="com.selenium.mothercare.testcases.SuiteMyAccount_Desktop.TC_REG_MUK_175">
        <test-method status="PASS" signature="checkTestRunnable()[pri:0, instance:com.selenium.mothercare.testcases.SuiteMyAccount_Desktop.TC_REG_MUK_175@5c4b]" name="checkTestRunnable" is-config="true" duration-ms="16" started-at="2018-08-06T14:17:40Z" finished-at="2018-08-06T14:17:40Z">
          <reporter-output>
          </reporter-output>
        </test-method> <!-- checkTestRunnable -->
        <test-method status="PASS" signature="init()[pri:0, instance:com.selenium.mothercare.testcases.SuiteMyAccount_Desktop.TC_REG_MUK_175@5c4b]" name="init" is-config="true" duration-ms="59299" started-at="2018-08-06T14:17:40Z" finished-at="2018-08-06T14:18:40Z">
          <reporter-output>
          </reporter-output>
        </test-method> <!-- init -->
        <test-method status="FAIL" signature="tc_REG_MUK_175(java.util.Hashtable)[pri:0, instance:com.selenium.mothercare.testcases.SuiteMyAccount_Desktop.TC_REG_MUK_175@5c4b]" name="tc_REG_MUK_175" duration-ms="57338" started-at="2018-08-06T14:18:40Z" data-provider="getData" finished-at="2018-08-06T14:19:37Z">
          <params>
            <param index="0">
              <value>
                <![CDATA[{Password=Abc1234, NewEmail=test06041807@test.com, Runmode=Y, UserName=test06041806@test.com}]]>
              </value>
            </param>
          </params>
          <exception class="java.lang.IndexOutOfBoundsException">
            <message>
              <![CDATA[Index: 0, Size: 0]]>
            </message>
            <full-stacktrace>
              <![CDATA[java.lang.IndexOutOfBoundsException: Index: 0, Size: 0
	at java.util.ArrayList.rangeCheck(ArrayList.java:653)
	at java.util.ArrayList.get(ArrayList.java:429)
	at com.selenium.mothercare.testcases.SuiteMyAccount_Desktop.TC_REG_MUK_175.tc_REG_MUK_175(TC_REG_MUK_175.java:54)
	at sun.reflect.NativeMethodAccessorImpl.invoke0(Native Method)
	at sun.reflect.NativeMethodAccessorImpl.invoke(NativeMethodAccessorImpl.java:62)
	at sun.reflect.DelegatingMethodAccessorImpl.invoke(DelegatingMethodAccessorImpl.java:43)
	at java.lang.reflect.Method.invoke(Method.java:498)
	at org.testng.internal.MethodInvocationHelper.invokeMethod(MethodInvocationHelper.java:80)
	at org.testng.internal.Invoker.invokeMethod(Invoker.java:714)
	at org.testng.internal.Invoker.invokeTestMethod(Invoker.java:901)
	at org.testng.internal.Invoker.invokeTestMethods(Invoker.java:1231)
	at org.testng.internal.TestMethodWorker.invokeTestMethods(TestMethodWorker.java:127)
	at org.testng.internal.TestMethodWorker.run(TestMethodWorker.java:111)
	at org.testng.TestRunner.privateRun(TestRunner.java:767)
	at org.testng.TestRunner.run(TestRunner.java:617)
	at org.testng.SuiteRunner.runTest(SuiteRunner.java:334)
	at org.testng.SuiteRunner.runSequentially(SuiteRunner.java:329)
	at org.testng.SuiteRunner.privateRun(SuiteRunner.java:291)
	at org.testng.SuiteRunner.run(SuiteRunner.java:240)
	at org.testng.SuiteRunnerWorker.runSuite(SuiteRunnerWorker.java:52)
	at org.testng.SuiteRunnerWorker.run(SuiteRunnerWorker.java:86)
	at org.testng.TestNG.runSuitesSequentially(TestNG.java:1198)
	at org.testng.TestNG.runSuitesSequentially(TestNG.java:1194)
	at org.testng.TestNG.runSuitesLocally(TestNG.java:1123)
	at org.testng.TestNG.run(TestNG.java:1031)
	at org.testng.remote.AbstractRemoteTestNG.run(AbstractRemoteTestNG.java:114)
	at org.testng.remote.RemoteTestNG.initAndRun(RemoteTestNG.java:251)
	at org.testng.remote.RemoteTestNG.main(RemoteTestNG.java:77)
]]>
            </full-stacktrace>
          </exception> <!-- java.lang.IndexOutOfBoundsException -->
          <reporter-output>
          </reporter-output>
        </test-method> <!-- tc_REG_MUK_175 -->
        <test-method status="PASS" signature="quit()[pri:0, instance:com.selenium.mothercare.testcases.SuiteMyAccount_Desktop.TC_REG_MUK_175@5c4b]" name="quit" is-config="true" duration-ms="79" started-at="2018-08-06T14:19:37Z" finished-at="2018-08-06T14:19:37Z">
          <reporter-output>
          </reporter-output>
        </test-method> <!-- quit -->
        <test-method status="PASS" signature="tearDown()[pri:0, instance:com.selenium.mothercare.testcases.SuiteMyAccount_Desktop.TC_REG_MUK_175@5c4b]" name="tearDown" is-config="true" duration-ms="3810" started-at="2018-08-06T14:19:37Z" finished-at="2018-08-06T14:19:41Z">
          <reporter-output>
          </reporter-output>
        </test-method> <!-- tearDown -->
      </class> <!-- com.selenium.mothercare.testcases.SuiteMyAccount_Desktop.TC_REG_MUK_175 -->
    </test> <!-- TC_REG_MUK_175 -->
    <test name="TC_REG_MUK_177" duration-ms="155735" started-at="2018-08-06T08:49:41Z" finished-at="2018-08-06T08:52:17Z">
      <class name="com.selenium.mothercare.testcases.SuiteMyAccount_Desktop.TC_REG_MUK_177">
        <test-method status="PASS" signature="checkTestRunnable()[pri:0, instance:com.selenium.mothercare.testcases.SuiteMyAccount_Desktop.TC_REG_MUK_177@66af20]" name="checkTestRunnable" is-config="true" duration-ms="16" started-at="2018-08-06T14:19:41Z" finished-at="2018-08-06T14:19:41Z">
          <reporter-output>
          </reporter-output>
        </test-method> <!-- checkTestRunnable -->
        <test-method status="PASS" signature="init()[pri:0, instance:com.selenium.mothercare.testcases.SuiteMyAccount_Desktop.TC_REG_MUK_177@66af20]" name="init" is-config="true" duration-ms="59100" started-at="2018-08-06T14:19:41Z" finished-at="2018-08-06T14:20:40Z">
          <reporter-output>
          </reporter-output>
        </test-method> <!-- init -->
        <test-method status="PASS" signature="tc_REG_MUK_177(java.util.Hashtable)[pri:0, instance:com.selenium.mothercare.testcases.SuiteMyAccount_Desktop.TC_REG_MUK_177@66af20]" name="tc_REG_MUK_177" duration-ms="28016" started-at="2018-08-06T14:20:40Z" data-provider="getData" finished-at="2018-08-06T14:21:08Z">
          <params>
            <param index="0">
              <value>
                <![CDATA[{Password=Test_1234, Runmode=Y, UserName=savedcard@mailinator.com}]]>
              </value>
            </param>
          </params>
          <reporter-output>
          </reporter-output>
        </test-method> <!-- tc_REG_MUK_177 -->
        <test-method status="PASS" signature="quit()[pri:0, instance:com.selenium.mothercare.testcases.SuiteMyAccount_Desktop.TC_REG_MUK_177@66af20]" name="quit" is-config="true" duration-ms="47" started-at="2018-08-06T14:21:08Z" finished-at="2018-08-06T14:21:08Z">
          <reporter-output>
          </reporter-output>
        </test-method> <!-- quit -->
        <test-method status="PASS" signature="init()[pri:0, instance:com.selenium.mothercare.testcases.SuiteMyAccount_Desktop.TC_REG_MUK_177@66af20]" name="init" is-config="true" duration-ms="0" started-at="2018-08-06T14:21:08Z" finished-at="2018-08-06T14:21:08Z">
          <reporter-output>
          </reporter-output>
        </test-method> <!-- init -->
        <test-method status="PASS" signature="tc_REG_MUK_178(java.util.Hashtable)[pri:0, instance:com.selenium.mothercare.testcases.SuiteMyAccount_Desktop.TC_REG_MUK_177@66af20]" name="tc_REG_MUK_178" duration-ms="14265" started-at="2018-08-06T14:21:08Z" data-provider="getData" finished-at="2018-08-06T14:21:22Z">
          <params>
            <param index="0">
              <value>
                <![CDATA[{Password=Test_1234, Runmode=Y, UserName=savedcard@mailinator.com}]]>
              </value>
            </param>
          </params>
          <reporter-output>
          </reporter-output>
        </test-method> <!-- tc_REG_MUK_178 -->
        <test-method status="PASS" signature="quit()[pri:0, instance:com.selenium.mothercare.testcases.SuiteMyAccount_Desktop.TC_REG_MUK_177@66af20]" name="quit" is-config="true" duration-ms="78" started-at="2018-08-06T14:21:22Z" finished-at="2018-08-06T14:21:23Z">
          <reporter-output>
          </reporter-output>
        </test-method> <!-- quit -->
        <test-method status="PASS" signature="init()[pri:0, instance:com.selenium.mothercare.testcases.SuiteMyAccount_Desktop.TC_REG_MUK_177@66af20]" name="init" is-config="true" duration-ms="0" started-at="2018-08-06T14:21:23Z" finished-at="2018-08-06T14:21:23Z">
          <reporter-output>
          </reporter-output>
        </test-method> <!-- init -->
        <test-method status="FAIL" signature="tc_REG_MUK_180(java.util.Hashtable)[pri:0, instance:com.selenium.mothercare.testcases.SuiteMyAccount_Desktop.TC_REG_MUK_177@66af20]" name="tc_REG_MUK_180" duration-ms="50289" started-at="2018-08-06T14:21:23Z" data-provider="getData" finished-at="2018-08-06T14:22:13Z">
          <params>
            <param index="0">
              <value>
                <![CDATA[{Password=Test_1234, Runmode=Y, UserName=savedcard@mailinator.com}]]>
              </value>
            </param>
          </params>
          <exception class="org.openqa.selenium.NoSuchElementException">
            <message>
              <![CDATA[no such element: Unable to locate element: {"method":"xpath","selector":"//*[@id='primary']/div[1]/div[3]/div[2]/ul/li[1]/div/div[1]"}
  (Session info: chrome=57.0.2987.133)
  (Driver info: chromedriver=2.29.461591 (62ebf098771772160f391d75e589dc567915b233),platform=Windows NT 6.1.7601 SP1 x86_64) (WARNING: The server did not provide any stacktrace information)
Command duration or timeout: 20.09 seconds
For documentation on this error, please visit: http://seleniumhq.org/exceptions/no_such_element.html
Build info: version: '3.1.0', revision: 'b94c902', time: '2017-02-16 12:21:31 -0800'
System info: host: 'NTPC02201', ip: '192.168.160.117', os.name: 'Windows 7', os.arch: 'x86', os.version: '6.1', java.version: '1.8.0_144'
Driver info: org.openqa.selenium.chrome.ChromeDriver
Capabilities [{applicationCacheEnabled=false, rotatable=false, mobileEmulationEnabled=false, networkConnectionEnabled=false, chrome={chromedriverVersion=2.29.461591 (62ebf098771772160f391d75e589dc567915b233), userDataDir=C:\Users\VIKRAN~1.RAT\AppData\Local\Temp\scoped_dir7436_11818}, takesHeapSnapshot=true, pageLoadStrategy=normal, databaseEnabled=false, handlesAlerts=true, hasTouchScreen=false, version=57.0.2987.133, platform=XP, browserConnectionEnabled=false, nativeEvents=true, acceptSslCerts=true, locationContextEnabled=true, webStorageEnabled=true, browserName=chrome, takesScreenshot=true, javascriptEnabled=true, cssSelectorsEnabled=true, unexpectedAlertBehaviour=}]
Session ID: 203ea6b417b1f6bb4ee797c746a5c48c
*** Element info: {Using=xpath, value=//*[@id='primary']/div[1]/div[3]/div[2]/ul/li[1]/div/div[1]}]]>
            </message>
            <full-stacktrace>
              <![CDATA[org.openqa.selenium.NoSuchElementException: no such element: Unable to locate element: {"method":"xpath","selector":"//*[@id='primary']/div[1]/div[3]/div[2]/ul/li[1]/div/div[1]"}
  (Session info: chrome=57.0.2987.133)
  (Driver info: chromedriver=2.29.461591 (62ebf098771772160f391d75e589dc567915b233),platform=Windows NT 6.1.7601 SP1 x86_64) (WARNING: The server did not provide any stacktrace information)
Command duration or timeout: 20.09 seconds
For documentation on this error, please visit: http://seleniumhq.org/exceptions/no_such_element.html
Build info: version: '3.1.0', revision: 'b94c902', time: '2017-02-16 12:21:31 -0800'
System info: host: 'NTPC02201', ip: '192.168.160.117', os.name: 'Windows 7', os.arch: 'x86', os.version: '6.1', java.version: '1.8.0_144'
Driver info: org.openqa.selenium.chrome.ChromeDriver
Capabilities [{applicationCacheEnabled=false, rotatable=false, mobileEmulationEnabled=false, networkConnectionEnabled=false, chrome={chromedriverVersion=2.29.461591 (62ebf098771772160f391d75e589dc567915b233), userDataDir=C:\Users\VIKRAN~1.RAT\AppData\Local\Temp\scoped_dir7436_11818}, takesHeapSnapshot=true, pageLoadStrategy=normal, databaseEnabled=false, handlesAlerts=true, hasTouchScreen=false, version=57.0.2987.133, platform=XP, browserConnectionEnabled=false, nativeEvents=true, acceptSslCerts=true, locationContextEnabled=true, webStorageEnabled=true, browserName=chrome, takesScreenshot=true, javascriptEnabled=true, cssSelectorsEnabled=true, unexpectedAlertBehaviour=}]
Session ID: 203ea6b417b1f6bb4ee797c746a5c48c
*** Element info: {Using=xpath, value=//*[@id='primary']/div[1]/div[3]/div[2]/ul/li[1]/div/div[1]}
	at sun.reflect.NativeConstructorAccessorImpl.newInstance0(Native Method)
	at sun.reflect.NativeConstructorAccessorImpl.newInstance(NativeConstructorAccessorImpl.java:62)
	at sun.reflect.DelegatingConstructorAccessorImpl.newInstance(DelegatingConstructorAccessorImpl.java:45)
	at java.lang.reflect.Constructor.newInstance(Constructor.java:423)
	at org.openqa.selenium.remote.ErrorHandler.createThrowable(ErrorHandler.java:216)
	at org.openqa.selenium.remote.ErrorHandler.throwIfResponseFailed(ErrorHandler.java:168)
	at org.openqa.selenium.remote.RemoteWebDriver.execute(RemoteWebDriver.java:635)
	at org.openqa.selenium.remote.RemoteWebDriver.findElement(RemoteWebDriver.java:368)
	at org.openqa.selenium.remote.RemoteWebDriver.findElementByXPath(RemoteWebDriver.java:473)
	at org.openqa.selenium.By$ByXPath.findElement(By.java:361)
	at org.openqa.selenium.remote.RemoteWebDriver.findElement(RemoteWebDriver.java:360)
	at com.selenium.mothercare.testcases.SuiteMyAccount_Desktop.TC_REG_MUK_177.tc_REG_MUK_180(TC_REG_MUK_177.java:146)
	at sun.reflect.NativeMethodAccessorImpl.invoke0(Native Method)
	at sun.reflect.NativeMethodAccessorImpl.invoke(NativeMethodAccessorImpl.java:62)
	at sun.reflect.DelegatingMethodAccessorImpl.invoke(DelegatingMethodAccessorImpl.java:43)
	at java.lang.reflect.Method.invoke(Method.java:498)
	at org.testng.internal.MethodInvocationHelper.invokeMethod(MethodInvocationHelper.java:80)
	at org.testng.internal.Invoker.invokeMethod(Invoker.java:714)
	at org.testng.internal.Invoker.invokeTestMethod(Invoker.java:901)
	at org.testng.internal.Invoker.invokeTestMethods(Invoker.java:1231)
	at org.testng.internal.TestMethodWorker.invokeTestMethods(TestMethodWorker.java:127)
	at org.testng.internal.TestMethodWorker.run(TestMethodWorker.java:111)
	at org.testng.TestRunner.privateRun(TestRunner.java:767)
	at org.testng.TestRunner.run(TestRunner.java:617)
	at org.testng.SuiteRunner.runTest(SuiteRunner.java:334)
	at org.testng.SuiteRunner.runSequentially(SuiteRunner.java:329)
	at org.testng.SuiteRunner.privateRun(SuiteRunner.java:291)
	at org.testng.SuiteRunner.run(SuiteRunner.java:240)
	at org.testng.SuiteRunnerWorker.runSuite(SuiteRunnerWorker.java:52)
	at org.testng.SuiteRunnerWorker.run(SuiteRunnerWorker.java:86)
	at org.testng.TestNG.runSuitesSequentially(TestNG.java:1198)
	at org.testng.TestNG.runSuitesSequentially(TestNG.java:1194)
	at org.testng.TestNG.runSuitesLocally(TestNG.java:1123)
	at org.testng.TestNG.run(TestNG.java:1031)
	at org.testng.remote.AbstractRemoteTestNG.run(AbstractRemoteTestNG.java:114)
	at org.testng.remote.RemoteTestNG.initAndRun(RemoteTestNG.java:251)
	at org.testng.remote.RemoteTestNG.main(RemoteTestNG.java:77)
]]>
            </full-stacktrace>
          </exception> <!-- org.openqa.selenium.NoSuchElementException -->
          <reporter-output>
          </reporter-output>
        </test-method> <!-- tc_REG_MUK_180 -->
        <test-method status="PASS" signature="quit()[pri:0, instance:com.selenium.mothercare.testcases.SuiteMyAccount_Desktop.TC_REG_MUK_177@66af20]" name="quit" is-config="true" duration-ms="69" started-at="2018-08-06T14:22:13Z" finished-at="2018-08-06T14:22:13Z">
          <reporter-output>
          </reporter-output>
        </test-method> <!-- quit -->
        <test-method status="PASS" signature="tearDown()[pri:0, instance:com.selenium.mothercare.testcases.SuiteMyAccount_Desktop.TC_REG_MUK_177@66af20]" name="tearDown" is-config="true" duration-ms="3839" started-at="2018-08-06T14:22:13Z" finished-at="2018-08-06T14:22:17Z">
          <reporter-output>
          </reporter-output>
        </test-method> <!-- tearDown -->
      </class> <!-- com.selenium.mothercare.testcases.SuiteMyAccount_Desktop.TC_REG_MUK_177 -->
    </test> <!-- TC_REG_MUK_177 -->
  </suite> <!-- SuiteMyAccount_Desktop -->
  <suite name="SuiteHomePage_Desktop" duration-ms="196638" started-at="2018-08-06T09:26:59Z" finished-at="2018-08-06T09:30:16Z">
    <groups>
    </groups>
    <test name="TC_REG_MUK_016" duration-ms="63274" started-at="2018-08-06T09:26:59Z" finished-at="2018-08-06T09:28:03Z">
      <class name="com.selenium.mothercare.testcases.SuiteHomePage_Desktop.TC_REG_MUK_016">
        <test-method status="PASS" signature="checkTestRunnable()[pri:0, instance:com.selenium.mothercare.testcases.SuiteHomePage_Desktop.TC_REG_MUK_016@11f53a0]" name="checkTestRunnable" is-config="true" duration-ms="32" started-at="2018-08-06T14:56:59Z" finished-at="2018-08-06T14:57:00Z">
          <reporter-output>
          </reporter-output>
        </test-method> <!-- checkTestRunnable -->
        <test-method status="PASS" signature="init()[pri:0, instance:com.selenium.mothercare.testcases.SuiteHomePage_Desktop.TC_REG_MUK_016@11f53a0]" name="init" is-config="true" duration-ms="59046" started-at="2018-08-06T14:57:00Z" finished-at="2018-08-06T14:57:59Z">
          <reporter-output>
          </reporter-output>
        </test-method> <!-- init -->
        <test-method status="PASS" signature="tc_REG_MUK_016(java.util.Hashtable)[pri:0, instance:com.selenium.mothercare.testcases.SuiteHomePage_Desktop.TC_REG_MUK_016@11f53a0]" name="tc_REG_MUK_016" duration-ms="285" started-at="2018-08-06T14:57:59Z" data-provider="getData" finished-at="2018-08-06T14:57:59Z">
          <params>
            <param index="0">
              <value>
                <![CDATA[{Runmode=Y}]]>
              </value>
            </param>
          </params>
          <reporter-output>
          </reporter-output>
        </test-method> <!-- tc_REG_MUK_016 -->
        <test-method status="PASS" signature="quit()[pri:0, instance:com.selenium.mothercare.testcases.SuiteHomePage_Desktop.TC_REG_MUK_016@11f53a0]" name="quit" is-config="true" duration-ms="47" started-at="2018-08-06T14:57:59Z" finished-at="2018-08-06T14:57:59Z">
          <reporter-output>
          </reporter-output>
        </test-method> <!-- quit -->
        <test-method status="PASS" signature="tearDown()[pri:0, instance:com.selenium.mothercare.testcases.SuiteHomePage_Desktop.TC_REG_MUK_016@11f53a0]" name="tearDown" is-config="true" duration-ms="3833" started-at="2018-08-06T14:57:59Z" finished-at="2018-08-06T14:58:03Z">
          <reporter-output>
          </reporter-output>
        </test-method> <!-- tearDown -->
      </class> <!-- com.selenium.mothercare.testcases.SuiteHomePage_Desktop.TC_REG_MUK_016 -->
    </test> <!-- TC_REG_MUK_016 -->
    <test name="TC_REG_MUK_019" duration-ms="63218" started-at="2018-08-06T09:28:03Z" finished-at="2018-08-06T09:29:06Z">
      <class name="com.selenium.mothercare.testcases.SuiteHomePage_Desktop.TC_REG_MUK_019">
        <test-method status="PASS" signature="checkTestRunnable()[pri:0, instance:com.selenium.mothercare.testcases.SuiteHomePage_Desktop.TC_REG_MUK_019@1bf0d49]" name="checkTestRunnable" is-config="true" duration-ms="15" started-at="2018-08-06T14:58:03Z" finished-at="2018-08-06T14:58:03Z">
          <reporter-output>
          </reporter-output>
        </test-method> <!-- checkTestRunnable -->
        <test-method status="PASS" signature="init()[pri:0, instance:com.selenium.mothercare.testcases.SuiteHomePage_Desktop.TC_REG_MUK_019@1bf0d49]" name="init" is-config="true" duration-ms="59125" started-at="2018-08-06T14:58:03Z" finished-at="2018-08-06T14:59:02Z">
          <reporter-output>
          </reporter-output>
        </test-method> <!-- init -->
        <test-method status="PASS" signature="tc_REG_MUK_019(java.util.Hashtable)[pri:0, instance:com.selenium.mothercare.testcases.SuiteHomePage_Desktop.TC_REG_MUK_019@1bf0d49]" name="tc_REG_MUK_019" duration-ms="144" started-at="2018-08-06T14:59:02Z" data-provider="getData" finished-at="2018-08-06T14:59:02Z">
          <params>
            <param index="0">
              <value>
                <![CDATA[{Runmode=Y}]]>
              </value>
            </param>
          </params>
          <reporter-output>
          </reporter-output>
        </test-method> <!-- tc_REG_MUK_019 -->
        <test-method status="PASS" signature="quit()[pri:0, instance:com.selenium.mothercare.testcases.SuiteHomePage_Desktop.TC_REG_MUK_019@1bf0d49]" name="quit" is-config="true" duration-ms="80" started-at="2018-08-06T14:59:02Z" finished-at="2018-08-06T14:59:02Z">
          <reporter-output>
          </reporter-output>
        </test-method> <!-- quit -->
        <test-method status="PASS" signature="tearDown()[pri:0, instance:com.selenium.mothercare.testcases.SuiteHomePage_Desktop.TC_REG_MUK_019@1bf0d49]" name="tearDown" is-config="true" duration-ms="3837" started-at="2018-08-06T14:59:02Z" finished-at="2018-08-06T14:59:06Z">
          <reporter-output>
          </reporter-output>
        </test-method> <!-- tearDown -->
      </class> <!-- com.selenium.mothercare.testcases.SuiteHomePage_Desktop.TC_REG_MUK_019 -->
    </test> <!-- TC_REG_MUK_019 -->
    <test name="TC_REG_MUK_018" duration-ms="70146" started-at="2018-08-06T09:29:06Z" finished-at="2018-08-06T09:30:16Z">
      <class name="com.selenium.mothercare.testcases.SuiteHomePage_Desktop.TC_REG_MUK_018">
        <test-method status="PASS" signature="checkTestRunnable()[pri:0, instance:com.selenium.mothercare.testcases.SuiteHomePage_Desktop.TC_REG_MUK_018@6cb480]" name="checkTestRunnable" is-config="true" duration-ms="31" started-at="2018-08-06T14:59:06Z" finished-at="2018-08-06T14:59:06Z">
          <reporter-output>
          </reporter-output>
        </test-method> <!-- checkTestRunnable -->
        <test-method status="PASS" signature="init()[pri:0, instance:com.selenium.mothercare.testcases.SuiteHomePage_Desktop.TC_REG_MUK_018@6cb480]" name="init" is-config="true" duration-ms="59428" started-at="2018-08-06T14:59:06Z" finished-at="2018-08-06T15:00:05Z">
          <reporter-output>
          </reporter-output>
        </test-method> <!-- init -->
        <test-method status="PASS" signature="tc_REG_MUK_018(java.util.Hashtable)[pri:0, instance:com.selenium.mothercare.testcases.SuiteHomePage_Desktop.TC_REG_MUK_018@6cb480]" name="tc_REG_MUK_018" duration-ms="6785" started-at="2018-08-06T15:00:05Z" data-provider="getData" finished-at="2018-08-06T15:00:12Z">
          <params>
            <param index="0">
              <value>
                <![CDATA[{Runmode=Y, Email=test@test.com}]]>
              </value>
            </param>
          </params>
          <reporter-output>
          </reporter-output>
        </test-method> <!-- tc_REG_MUK_018 -->
        <test-method status="PASS" signature="quit()[pri:0, instance:com.selenium.mothercare.testcases.SuiteHomePage_Desktop.TC_REG_MUK_018@6cb480]" name="quit" is-config="true" duration-ms="78" started-at="2018-08-06T15:00:12Z" finished-at="2018-08-06T15:00:12Z">
          <reporter-output>
          </reporter-output>
        </test-method> <!-- quit -->
        <test-method status="PASS" signature="tearDown()[pri:0, instance:com.selenium.mothercare.testcases.SuiteHomePage_Desktop.TC_REG_MUK_018@6cb480]" name="tearDown" is-config="true" duration-ms="3808" started-at="2018-08-06T15:00:12Z" finished-at="2018-08-06T15:00:16Z">
          <reporter-output>
          </reporter-output>
        </test-method> <!-- tearDown -->
      </class> <!-- com.selenium.mothercare.testcases.SuiteHomePage_Desktop.TC_REG_MUK_018 -->
    </test> <!-- TC_REG_MUK_018 -->
  </suite> <!-- SuiteHomePage_Desktop -->
  <suite name="SuiteHeaderFooter_Desktop" duration-ms="269206" started-at="2018-08-06T09:22:30Z" finished-at="2018-08-06T09:26:59Z">
    <groups>
    </groups>
    <test name="TC_REG_MUK_012" duration-ms="62475" started-at="2018-08-06T09:22:30Z" finished-at="2018-08-06T09:23:33Z">
      <class name="com.selenium.mothercare.testcases.SuiteHeaderFooter_Desktop.TC_REG_MUK_012">
        <test-method status="PASS" signature="checkTestRunnable()[pri:0, instance:com.selenium.mothercare.testcases.SuiteHeaderFooter_Desktop.TC_REG_MUK_012@198f307]" name="checkTestRunnable" is-config="true" duration-ms="33" started-at="2018-08-06T14:52:30Z" finished-at="2018-08-06T14:52:30Z">
          <reporter-output>
          </reporter-output>
        </test-method> <!-- checkTestRunnable -->
        <test-method status="PASS" signature="init()[pri:0, instance:com.selenium.mothercare.testcases.SuiteHeaderFooter_Desktop.TC_REG_MUK_012@198f307]" name="init" is-config="true" duration-ms="58166" started-at="2018-08-06T14:52:30Z" finished-at="2018-08-06T14:53:28Z">
          <reporter-output>
          </reporter-output>
        </test-method> <!-- init -->
        <test-method status="PASS" signature="tc_REG_MUK_012(java.util.Hashtable)[pri:0, instance:com.selenium.mothercare.testcases.SuiteHeaderFooter_Desktop.TC_REG_MUK_012@198f307]" name="tc_REG_MUK_012" duration-ms="314" started-at="2018-08-06T14:53:28Z" data-provider="getData" finished-at="2018-08-06T14:53:29Z">
          <params>
            <param index="0">
              <value>
                <![CDATA[{Runmode=Y}]]>
              </value>
            </param>
          </params>
          <reporter-output>
          </reporter-output>
        </test-method> <!-- tc_REG_MUK_012 -->
        <test-method status="PASS" signature="quit()[pri:0, instance:com.selenium.mothercare.testcases.SuiteHeaderFooter_Desktop.TC_REG_MUK_012@198f307]" name="quit" is-config="true" duration-ms="125" started-at="2018-08-06T14:53:29Z" finished-at="2018-08-06T14:53:29Z">
          <reporter-output>
          </reporter-output>
        </test-method> <!-- quit -->
        <test-method status="PASS" signature="tearDown()[pri:0, instance:com.selenium.mothercare.testcases.SuiteHeaderFooter_Desktop.TC_REG_MUK_012@198f307]" name="tearDown" is-config="true" duration-ms="3822" started-at="2018-08-06T14:53:29Z" finished-at="2018-08-06T14:53:33Z">
          <reporter-output>
          </reporter-output>
        </test-method> <!-- tearDown -->
      </class> <!-- com.selenium.mothercare.testcases.SuiteHeaderFooter_Desktop.TC_REG_MUK_012 -->
    </test> <!-- TC_REG_MUK_012 -->
    <test name="TC_REG_MUK_013" duration-ms="66643" started-at="2018-08-06T09:23:33Z" finished-at="2018-08-06T09:24:39Z">
      <class name="com.selenium.mothercare.testcases.SuiteHeaderFooter_Desktop.TC_REG_MUK_013">
        <test-method status="PASS" signature="checkTestRunnable()[pri:0, instance:com.selenium.mothercare.testcases.SuiteHeaderFooter_Desktop.TC_REG_MUK_013@190fc5b]" name="checkTestRunnable" is-config="true" duration-ms="15" started-at="2018-08-06T14:53:33Z" finished-at="2018-08-06T14:53:33Z">
          <reporter-output>
          </reporter-output>
        </test-method> <!-- checkTestRunnable -->
        <test-method status="PASS" signature="init()[pri:0, instance:com.selenium.mothercare.testcases.SuiteHeaderFooter_Desktop.TC_REG_MUK_013@190fc5b]" name="init" is-config="true" duration-ms="59266" started-at="2018-08-06T14:53:33Z" finished-at="2018-08-06T14:54:32Z">
          <reporter-output>
          </reporter-output>
        </test-method> <!-- init -->
        <test-method status="PASS" signature="tc_REG_MUK_013(java.util.Hashtable)[pri:0, instance:com.selenium.mothercare.testcases.SuiteHeaderFooter_Desktop.TC_REG_MUK_013@190fc5b]" name="tc_REG_MUK_013" duration-ms="3455" started-at="2018-08-06T14:54:32Z" data-provider="getData" finished-at="2018-08-06T14:54:35Z">
          <params>
            <param index="0">
              <value>
                <![CDATA[{Runmode=Y}]]>
              </value>
            </param>
          </params>
          <reporter-output>
          </reporter-output>
        </test-method> <!-- tc_REG_MUK_013 -->
        <test-method status="PASS" signature="quit()[pri:0, instance:com.selenium.mothercare.testcases.SuiteHeaderFooter_Desktop.TC_REG_MUK_013@190fc5b]" name="quit" is-config="true" duration-ms="62" started-at="2018-08-06T14:54:35Z" finished-at="2018-08-06T14:54:36Z">
          <reporter-output>
          </reporter-output>
        </test-method> <!-- quit -->
        <test-method status="PASS" signature="tearDown()[pri:0, instance:com.selenium.mothercare.testcases.SuiteHeaderFooter_Desktop.TC_REG_MUK_013@190fc5b]" name="tearDown" is-config="true" duration-ms="3829" started-at="2018-08-06T14:54:36Z" finished-at="2018-08-06T14:54:39Z">
          <reporter-output>
          </reporter-output>
        </test-method> <!-- tearDown -->
      </class> <!-- com.selenium.mothercare.testcases.SuiteHeaderFooter_Desktop.TC_REG_MUK_013 -->
    </test> <!-- TC_REG_MUK_013 -->
    <test name="TC_REG_MUK_108" duration-ms="140088" started-at="2018-08-06T09:24:39Z" finished-at="2018-08-06T09:26:59Z">
      <class name="com.selenium.mothercare.testcases.SuiteHeaderFooter_Desktop.TC_REG_MUK_108">
        <test-method status="PASS" signature="checkTestRunnable()[pri:0, instance:com.selenium.mothercare.testcases.SuiteHeaderFooter_Desktop.TC_REG_MUK_108@235045]" name="checkTestRunnable" is-config="true" duration-ms="0" started-at="2018-08-06T14:54:39Z" finished-at="2018-08-06T14:54:39Z">
          <reporter-output>
          </reporter-output>
        </test-method> <!-- checkTestRunnable -->
        <test-method status="PASS" signature="init()[pri:0, instance:com.selenium.mothercare.testcases.SuiteHeaderFooter_Desktop.TC_REG_MUK_108@235045]" name="init" is-config="true" duration-ms="58881" started-at="2018-08-06T14:54:39Z" finished-at="2018-08-06T14:55:38Z">
          <reporter-output>
          </reporter-output>
        </test-method> <!-- init -->
        <test-method status="PASS" signature="tc_REG_MUK_108(java.util.Hashtable)[pri:0, instance:com.selenium.mothercare.testcases.SuiteHeaderFooter_Desktop.TC_REG_MUK_108@235045]" name="tc_REG_MUK_108" duration-ms="77288" started-at="2018-08-06T14:55:38Z" data-provider="getData" finished-at="2018-08-06T14:56:56Z">
          <params>
            <param index="0">
              <value>
                <![CDATA[{Username=vikrant.rathod@mothercare.com, Password=oct@2017, Product=222798, Runmode=Y}]]>
              </value>
            </param>
          </params>
          <reporter-output>
          </reporter-output>
        </test-method> <!-- tc_REG_MUK_108 -->
        <test-method status="PASS" signature="quit()[pri:0, instance:com.selenium.mothercare.testcases.SuiteHeaderFooter_Desktop.TC_REG_MUK_108@235045]" name="quit" is-config="true" duration-ms="83" started-at="2018-08-06T14:56:56Z" finished-at="2018-08-06T14:56:56Z">
          <reporter-output>
          </reporter-output>
        </test-method> <!-- quit -->
        <test-method status="PASS" signature="tearDown()[pri:0, instance:com.selenium.mothercare.testcases.SuiteHeaderFooter_Desktop.TC_REG_MUK_108@235045]" name="tearDown" is-config="true" duration-ms="3804" started-at="2018-08-06T14:56:56Z" finished-at="2018-08-06T14:56:59Z">
          <reporter-output>
          </reporter-output>
        </test-method> <!-- tearDown -->
      </class> <!-- com.selenium.mothercare.testcases.SuiteHeaderFooter_Desktop.TC_REG_MUK_108 -->
    </test> <!-- TC_REG_MUK_108 -->
  </suite> <!-- SuiteHeaderFooter_Desktop -->
  <suite name="SuiteCLP_Desktop" duration-ms="69263" started-at="2018-08-06T09:21:21Z" finished-at="2018-08-06T09:22:30Z">
    <groups>
    </groups>
    <test name="TC_REG_MUK_063" duration-ms="69263" started-at="2018-08-06T09:21:21Z" finished-at="2018-08-06T09:22:30Z">
      <class name="com.selenium.mothercare.testcases.SuiteCLP_Desktop.TC_REG_MUK_063">
        <test-method status="PASS" signature="checkTestRunnable()[pri:0, instance:com.selenium.mothercare.testcases.SuiteCLP_Desktop.TC_REG_MUK_063@70d194]" name="checkTestRunnable" is-config="true" duration-ms="63" started-at="2018-08-06T14:51:21Z" finished-at="2018-08-06T14:51:21Z">
          <reporter-output>
          </reporter-output>
        </test-method> <!-- checkTestRunnable -->
        <test-method status="PASS" signature="init()[pri:0, instance:com.selenium.mothercare.testcases.SuiteCLP_Desktop.TC_REG_MUK_063@70d194]" name="init" is-config="true" duration-ms="59216" started-at="2018-08-06T14:51:21Z" finished-at="2018-08-06T14:52:20Z">
          <reporter-output>
          </reporter-output>
        </test-method> <!-- init -->
        <test-method status="PASS" signature="tc_REG_MUK_63(java.util.Hashtable)[pri:0, instance:com.selenium.mothercare.testcases.SuiteCLP_Desktop.TC_REG_MUK_063@70d194]" name="tc_REG_MUK_63" duration-ms="6053" started-at="2018-08-06T14:52:20Z" data-provider="getData" finished-at="2018-08-06T14:52:26Z">
          <params>
            <param index="0">
              <value>
                <![CDATA[{Runmode=Y}]]>
              </value>
            </param>
          </params>
          <reporter-output>
          </reporter-output>
        </test-method> <!-- tc_REG_MUK_63 -->
        <test-method status="PASS" signature="quit()[pri:0, instance:com.selenium.mothercare.testcases.SuiteCLP_Desktop.TC_REG_MUK_063@70d194]" name="quit" is-config="true" duration-ms="78" started-at="2018-08-06T14:52:26Z" finished-at="2018-08-06T14:52:26Z">
          <reporter-output>
          </reporter-output>
        </test-method> <!-- quit -->
        <test-method status="PASS" signature="tearDown()[pri:0, instance:com.selenium.mothercare.testcases.SuiteCLP_Desktop.TC_REG_MUK_063@70d194]" name="tearDown" is-config="true" duration-ms="3822" started-at="2018-08-06T14:52:26Z" finished-at="2018-08-06T14:52:30Z">
          <reporter-output>
          </reporter-output>
        </test-method> <!-- tearDown -->
      </class> <!-- com.selenium.mothercare.testcases.SuiteCLP_Desktop.TC_REG_MUK_063 -->
    </test> <!-- TC_REG_MUK_063 -->
  </suite> <!-- SuiteCLP_Desktop -->
  <suite name="SuiteEditBasket_Desktop" duration-ms="421515" started-at="2018-08-06T08:39:15Z" finished-at="2018-08-06T08:46:17Z">
    <groups>
    </groups>
    <test name="TC_REG_MUK_071" duration-ms="144077" started-at="2018-08-06T08:39:15Z" finished-at="2018-08-06T08:41:39Z">
      <class name="com.selenium.mothercare.testcases.SuiteEditBasket_Desktop.TC_REG_MUK_071">
        <test-method status="PASS" signature="checkTestRunnable()[pri:0, instance:com.selenium.mothercare.testcases.SuiteEditBasket_Desktop.TC_REG_MUK_071@1bf57b3]" name="checkTestRunnable" is-config="true" duration-ms="1" started-at="2018-08-06T14:09:15Z" finished-at="2018-08-06T14:09:15Z">
          <reporter-output>
          </reporter-output>
        </test-method> <!-- checkTestRunnable -->
        <test-method status="PASS" signature="init()[pri:0, instance:com.selenium.mothercare.testcases.SuiteEditBasket_Desktop.TC_REG_MUK_071@1bf57b3]" name="init" is-config="true" duration-ms="59689" started-at="2018-08-06T14:09:15Z" finished-at="2018-08-06T14:10:15Z">
          <reporter-output>
          </reporter-output>
        </test-method> <!-- init -->
        <test-method status="PASS" signature="tc_REG_MUK_071(java.util.Hashtable)[pri:0, instance:com.selenium.mothercare.testcases.SuiteEditBasket_Desktop.TC_REG_MUK_071@1bf57b3]" name="tc_REG_MUK_071" duration-ms="80417" started-at="2018-08-06T14:10:15Z" data-provider="getData" finished-at="2018-08-06T14:11:36Z">
          <params>
            <param index="0">
              <value>
                <![CDATA[{Username=vikrant.rathod@mothercare.com, Password=oct@2017, Product=981365, Runmode=Y, Quantity=2}]]>
              </value>
            </param>
          </params>
          <reporter-output>
          </reporter-output>
        </test-method> <!-- tc_REG_MUK_071 -->
        <test-method status="PASS" signature="quit()[pri:0, instance:com.selenium.mothercare.testcases.SuiteEditBasket_Desktop.TC_REG_MUK_071@1bf57b3]" name="quit" is-config="true" duration-ms="85" started-at="2018-08-06T14:11:36Z" finished-at="2018-08-06T14:11:36Z">
          <reporter-output>
          </reporter-output>
        </test-method> <!-- quit -->
[...]
Command duration or timeout: 21.97 seconds
For documentation on this error, please visit: http://seleniumhq.org/exceptions/no_such_element.html
Build info: version: '3.1.0', revision: 'b94c902', time: '2017-02-16 12:21:31 -0800'
System info: host: 'NTPC02201', ip: '192.168.160.117', os.name: 'Windows 7', os.arch: 'x86', os.version: '6.1', java.version: '1.8.0_144'
Driver info: org.openqa.selenium.chrome.ChromeDriver
Capabilities [{applicationCacheEnabled=false, rotatable=false, mobileEmulationEnabled=false, networkConnectionEnabled=false, chrome={chromedriverVersion=2.29.461591 (62ebf098771772160f391d75e589dc567915b233), userDataDir=C:\Users\VIKRAN~1.RAT\AppData\Local\Temp\scoped_dir7184_16899}, takesHeapSnapshot=true, pageLoadStrategy=normal, databaseEnabled=false, handlesAlerts=true, hasTouchScreen=false, version=57.0.2987.133, platform=XP, browserConnectionEnabled=false, nativeEvents=true, acceptSslCerts=true, locationContextEnabled=true, webStorageEnabled=true, browserName=chrome, takesScreenshot=true, javascriptEnabled=true, cssSelectorsEnabled=true, unexpectedAlertBehaviour=}]
Session ID: b633669e189d04440f8cb13726419be7
*** Element info: {Using=link text, value=Log In}
	at sun.reflect.NativeConstructorAccessorImpl.newInstance0(Native Method)
	at sun.reflect.NativeConstructorAccessorImpl.newInstance(NativeConstructorAccessorImpl.java:62)
	at sun.reflect.DelegatingConstructorAccessorImpl.newInstance(DelegatingConstructorAccessorImpl.java:45)
	at java.lang.reflect.Constructor.newInstance(Constructor.java:423)
	at org.openqa.selenium.remote.ErrorHandler.createThrowable(ErrorHandler.java:216)
	at org.openqa.selenium.remote.ErrorHandler.throwIfResponseFailed(ErrorHandler.java:168)
	at org.openqa.selenium.remote.RemoteWebDriver.execute(RemoteWebDriver.java:635)
	at org.openqa.selenium.remote.RemoteWebDriver.findElement(RemoteWebDriver.java:368)
	at org.openqa.selenium.remote.RemoteWebDriver.findElementByLinkText(RemoteWebDriver.java:425)
	at org.openqa.selenium.By$ByLinkText.findElement(By.java:246)
	at org.openqa.selenium.remote.RemoteWebDriver.findElement(RemoteWebDriver.java:360)
	at com.selenium.mothercare.testcases.SuiteCheckout_Desktop.TC_REG_MUK_142.tc_REG_MUK_142(TC_REG_MUK_142.java:100)
	at sun.reflect.NativeMethodAccessorImpl.invoke0(Native Method)
	at sun.reflect.NativeMethodAccessorImpl.invoke(NativeMethodAccessorImpl.java:62)
	at sun.reflect.DelegatingMethodAccessorImpl.invoke(DelegatingMethodAccessorImpl.java:43)
	at java.lang.reflect.Method.invoke(Method.java:498)
	at org.testng.internal.MethodInvocationHelper.invokeMethod(MethodInvocationHelper.java:80)
	at org.testng.internal.Invoker.invokeMethod(Invoker.java:714)
	at org.testng.internal.Invoker.invokeTestMethod(Invoker.java:901)
	at org.testng.internal.Invoker.invokeTestMethods(Invoker.java:1231)
	at org.testng.internal.TestMethodWorker.invokeTestMethods(TestMethodWorker.java:127)
	at org.testng.internal.TestMethodWorker.run(TestMethodWorker.java:111)
	at org.testng.TestRunner.privateRun(TestRunner.java:767)
	at org.testng.TestRunner.run(TestRunner.java:617)
	at org.testng.SuiteRunner.runTest(SuiteRunner.java:334)
	at org.testng.SuiteRunner.runSequentially(SuiteRunner.java:329)
	at org.testng.SuiteRunner.privateRun(SuiteRunner.java:291)
	at org.testng.SuiteRunner.run(SuiteRunner.java:240)
	at org.testng.SuiteRunnerWorker.runSuite(SuiteRunnerWorker.java:52)
	at org.testng.SuiteRunnerWorker.run(SuiteRunnerWorker.java:86)
	at org.testng.TestNG.runSuitesSequentially(TestNG.java:1198)
	at org.testng.TestNG.runSuitesSequentially(TestNG.java:1194)
	at org.testng.TestNG.runSuitesLocally(TestNG.java:1123)
	at org.testng.TestNG.run(TestNG.java:1031)
	at org.testng.remote.AbstractRemoteTestNG.run(AbstractRemoteTestNG.java:114)
	at org.testng.remote.RemoteTestNG.initAndRun(RemoteTestNG.java:251)
	at org.testng.remote.RemoteTestNG.main(RemoteTestNG.java:77)
]]>
            </full-stacktrace>
          </exception> <!-- org.openqa.selenium.NoSuchElementException -->
          <reporter-output>
          </reporter-output>
        </test-method> <!-- tc_REG_MUK_142 -->
        <test-method status="PASS" signature="quit()[pri:0, instance:com.selenium.mothercare.testcases.SuiteCheckout_Desktop.TC_REG_MUK_142@4f701]" name="quit" is-config="true" duration-ms="63" started-at="2018-08-06T13:00:28Z" finished-at="2018-08-06T13:00:28Z">
          <reporter-output>
          </reporter-output>
        </test-method> <!-- quit -->
        <test-method status="PASS" signature="tearDown()[pri:0, instance:com.selenium.mothercare.testcases.SuiteCheckout_Desktop.TC_REG_MUK_142@4f701]" name="tearDown" is-config="true" duration-ms="3800" started-at="2018-08-06T13:00:28Z" finished-at="2018-08-06T13:00:31Z">
          <reporter-output>
          </reporter-output>
        </test-method> <!-- tearDown -->
      </class> <!-- com.selenium.mothercare.testcases.SuiteCheckout_Desktop.TC_REG_MUK_142 -->
    </test> <!-- TC_REG_MUK_142 -->
    <test name="TC_REG_MUK_155" duration-ms="190980" started-at="2018-08-06T07:30:31Z" finished-at="2018-08-06T07:33:42Z">
      <class name="com.selenium.mothercare.testcases.SuiteCheckout_Desktop.TC_REG_MUK_155">
        <test-method status="PASS" signature="checkTestRunnable()[pri:0, instance:com.selenium.mothercare.testcases.SuiteCheckout_Desktop.TC_REG_MUK_155@9e7ee8]" name="checkTestRunnable" is-config="true" duration-ms="16" started-at="2018-08-06T13:00:31Z" finished-at="2018-08-06T13:00:31Z">
          <reporter-output>
          </reporter-output>
        </test-method> <!-- checkTestRunnable -->
        <test-method status="PASS" signature="init()[pri:0, instance:com.selenium.mothercare.testcases.SuiteCheckout_Desktop.TC_REG_MUK_155@9e7ee8]" name="init" is-config="true" duration-ms="59008" started-at="2018-08-06T13:00:31Z" finished-at="2018-08-06T13:01:30Z">
          <reporter-output>
          </reporter-output>
        </test-method> <!-- init -->
        <test-method status="PASS" signature="tc_REG_MUK_155(java.util.Hashtable)[pri:0, instance:com.selenium.mothercare.testcases.SuiteCheckout_Desktop.TC_REG_MUK_155@9e7ee8]" name="tc_REG_MUK_155" duration-ms="128077" started-at="2018-08-06T13:01:30Z" data-provider="getData" finished-at="2018-08-06T13:03:39Z">
          <params>
            <param index="0">
              <value>
                <![CDATA[{Username=savedcard@mailinator.com, Password=Test_1234, Product=511423, Runmode=Y}]]>
              </value>
            </param>
          </params>
          <reporter-output>
          </reporter-output>
        </test-method> <!-- tc_REG_MUK_155 -->
        <test-method status="PASS" signature="quit()[pri:0, instance:com.selenium.mothercare.testcases.SuiteCheckout_Desktop.TC_REG_MUK_155@9e7ee8]" name="quit" is-config="true" duration-ms="63" started-at="2018-08-06T13:03:39Z" finished-at="2018-08-06T13:03:39Z">
          <reporter-output>
          </reporter-output>
        </test-method> <!-- quit -->
        <test-method status="PASS" signature="tearDown()[pri:0, instance:com.selenium.mothercare.testcases.SuiteCheckout_Desktop.TC_REG_MUK_155@9e7ee8]" name="tearDown" is-config="true" duration-ms="3801" started-at="2018-08-06T13:03:39Z" finished-at="2018-08-06T13:03:42Z">
          <reporter-output>
          </reporter-output>
        </test-method> <!-- tearDown -->
      </class> <!-- com.selenium.mothercare.testcases.SuiteCheckout_Desktop.TC_REG_MUK_155 -->
    </test> <!-- TC_REG_MUK_155 -->
    <test name="TC_REG_MUK_145" duration-ms="226951" started-at="2018-08-06T07:33:42Z" finished-at="2018-08-06T07:37:29Z">
      <class name="com.selenium.mothercare.testcases.SuiteCheckout_Desktop.TC_REG_MUK_145">
        <test-method status="PASS" signature="checkTestRunnable()[pri:0, instance:com.selenium.mothercare.testcases.SuiteCheckout_Desktop.TC_REG_MUK_145@1fe63b9]" name="checkTestRunnable" is-config="true" duration-ms="15" started-at="2018-08-06T13:03:42Z" finished-at="2018-08-06T13:03:42Z">
          <reporter-output>
          </reporter-output>
        </test-method> <!-- checkTestRunnable -->
        <test-method status="PASS" signature="init()[pri:0, instance:com.selenium.mothercare.testcases.SuiteCheckout_Desktop.TC_REG_MUK_145@1fe63b9]" name="init" is-config="true" duration-ms="59113" started-at="2018-08-06T13:03:42Z" finished-at="2018-08-06T13:04:42Z">
          <reporter-output>
          </reporter-output>
        </test-method> <!-- init -->
        <test-method status="FAIL" signature="tc_REG_MUK_145(java.util.Hashtable)[pri:0, instance:com.selenium.mothercare.testcases.SuiteCheckout_Desktop.TC_REG_MUK_145@1fe63b9]" name="tc_REG_MUK_145" duration-ms="163977" started-at="2018-08-06T13:04:42Z" data-provider="getData" finished-at="2018-08-06T13:07:26Z">
          <params>
            <param index="0">
              <value>
                <![CDATA[{PayPalUsername=t1_1359732862_per@javelingroup.com, PayPalPassword=359732825, Product=511423, Runmode=Y, GiftCard=6331134109019104265}]]>
              </value>
            </param>
          </params>
          <exception class="java.lang.AssertionError">
            <message>
              <![CDATA[Unable to redeem gift card]]>
            </message>
            <full-stacktrace>
              <![CDATA[java.lang.AssertionError: Unable to redeem gift card
	at org.testng.Assert.fail(Assert.java:94)
	at com.selenium.core.base.TestBase.reportFailure(TestBase.java:1051)
	at com.selenium.mothercare.testcases.SuiteCheckout_Desktop.TC_REG_MUK_145.tc_REG_MUK_145(TC_REG_MUK_145.java:151)
	at sun.reflect.NativeMethodAccessorImpl.invoke0(Native Method)
	at sun.reflect.NativeMethodAccessorImpl.invoke(NativeMethodAccessorImpl.java:62)
	at sun.reflect.DelegatingMethodAccessorImpl.invoke(DelegatingMethodAccessorImpl.java:43)
	at java.lang.reflect.Method.invoke(Method.java:498)
	at org.testng.internal.MethodInvocationHelper.invokeMethod(MethodInvocationHelper.java:80)
	at org.testng.internal.Invoker.invokeMethod(Invoker.java:714)
	at org.testng.internal.Invoker.invokeTestMethod(Invoker.java:901)
	at org.testng.internal.Invoker.invokeTestMethods(Invoker.java:1231)
	at org.testng.internal.TestMethodWorker.invokeTestMethods(TestMethodWorker.java:127)
	at org.testng.internal.TestMethodWorker.run(TestMethodWorker.java:111)
	at org.testng.TestRunner.privateRun(TestRunner.java:767)
	at org.testng.TestRunner.run(TestRunner.java:617)
	at org.testng.SuiteRunner.runTest(SuiteRunner.java:334)
	at org.testng.SuiteRunner.runSequentially(SuiteRunner.java:329)
	at org.testng.SuiteRunner.privateRun(SuiteRunner.java:291)
	at org.testng.SuiteRunner.run(SuiteRunner.java:240)
	at org.testng.SuiteRunnerWorker.runSuite(SuiteRunnerWorker.java:52)
	at org.testng.SuiteRunnerWorker.run(SuiteRunnerWorker.java:86)
	at org.testng.TestNG.runSuitesSequentially(TestNG.java:1198)
	at org.testng.TestNG.runSuitesSequentially(TestNG.java:1194)
	at org.testng.TestNG.runSuitesLocally(TestNG.java:1123)
	at org.testng.TestNG.run(TestNG.java:1031)
	at org.testng.remote.AbstractRemoteTestNG.run(AbstractRemoteTestNG.java:114)
	at org.testng.remote.RemoteTestNG.initAndRun(RemoteTestNG.java:251)
	at org.testng.remote.RemoteTestNG.main(RemoteTestNG.java:77)
]]>
            </full-stacktrace>
          </exception> <!-- java.lang.AssertionError -->
          <reporter-output>
          </reporter-output>
        </test-method> <!-- tc_REG_MUK_145 -->
        <test-method status="PASS" signature="quit()[pri:0, instance:com.selenium.mothercare.testcases.SuiteCheckout_Desktop.TC_REG_MUK_145@1fe63b9]" name="quit" is-config="true" duration-ms="31" started-at="2018-08-06T13:07:26Z" finished-at="2018-08-06T13:07:26Z">
          <reporter-output>
          </reporter-output>
        </test-method> <!-- quit -->
        <test-method status="PASS" signature="tearDown()[pri:0, instance:com.selenium.mothercare.testcases.SuiteCheckout_Desktop.TC_REG_MUK_145@1fe63b9]" name="tearDown" is-config="true" duration-ms="3799" started-at="2018-08-06T13:07:26Z" finished-at="2018-08-06T13:07:29Z">
          <reporter-output>
          </reporter-output>
        </test-method> <!-- tearDown -->
      </class> <!-- com.selenium.mothercare.testcases.SuiteCheckout_Desktop.TC_REG_MUK_145 -->
    </test> <!-- TC_REG_MUK_145 -->
    <test name="TC_REG_MUK_265" duration-ms="207712" started-at="2018-08-06T07:37:29Z" finished-at="2018-08-06T07:40:57Z">
      <class name="com.selenium.mothercare.testcases.SuiteCheckout_Desktop.TC_REG_MUK_265">
        <test-method status="PASS" signature="checkTestRunnable()[pri:0, instance:com.selenium.mothercare.testcases.SuiteCheckout_Desktop.TC_REG_MUK_265@316c74]" name="checkTestRunnable" is-config="true" duration-ms="16" started-at="2018-08-06T13:07:29Z" finished-at="2018-08-06T13:07:29Z">
          <reporter-output>
          </reporter-output>
        </test-method> <!-- checkTestRunnable -->
        <test-method status="PASS" signature="init()[pri:0, instance:com.selenium.mothercare.testcases.SuiteCheckout_Desktop.TC_REG_MUK_265@316c74]" name="init" is-config="true" duration-ms="59305" started-at="2018-08-06T13:07:29Z" finished-at="2018-08-06T13:08:29Z">
          <reporter-output>
          </reporter-output>
        </test-method> <!-- init -->
        <test-method status="PASS" signature="tC_REG_MUK_265(java.util.Hashtable)[pri:0, instance:com.selenium.mothercare.testcases.SuiteCheckout_Desktop.TC_REG_MUK_265@316c74]" name="tC_REG_MUK_265" duration-ms="144541" started-at="2018-08-06T13:08:29Z" data-provider="getData" finished-at="2018-08-06T13:10:53Z">
          <params>
            <param index="0">
              <value>
                <![CDATA[{Username=savedcard2@mailinator.com, Password=Test_1234, Runmode=Y, FurnitureProduct=680091}]]>
              </value>
            </param>
          </params>
          <reporter-output>
          </reporter-output>
        </test-method> <!-- tC_REG_MUK_265 -->
        <test-method status="PASS" signature="quit()[pri:0, instance:com.selenium.mothercare.testcases.SuiteCheckout_Desktop.TC_REG_MUK_265@316c74]" name="quit" is-config="true" duration-ms="56" started-at="2018-08-06T13:10:53Z" finished-at="2018-08-06T13:10:53Z">
          <reporter-output>
          </reporter-output>
        </test-method> <!-- quit -->
        <test-method status="PASS" signature="tearDown()[pri:0, instance:com.selenium.mothercare.testcases.SuiteCheckout_Desktop.TC_REG_MUK_265@316c74]" name="tearDown" is-config="true" duration-ms="3779" started-at="2018-08-06T13:10:53Z" finished-at="2018-08-06T13:10:57Z">
          <reporter-output>
          </reporter-output>
        </test-method> <!-- tearDown -->
      </class> <!-- com.selenium.mothercare.testcases.SuiteCheckout_Desktop.TC_REG_MUK_265 -->
    </test> <!-- TC_REG_MUK_265 -->
    <test name="TC_REG_MUK_138" duration-ms="219431" started-at="2018-08-06T07:40:57Z" finished-at="2018-08-06T07:44:37Z">
      <class name="com.selenium.mothercare.testcases.SuiteCheckout_Desktop.TC_REG_MUK_138">
        <test-method status="PASS" signature="checkTestRunnable()[pri:0, instance:com.selenium.mothercare.testcases.SuiteCheckout_Desktop.TC_REG_MUK_138@18d1062]" name="checkTestRunnable" is-config="true" duration-ms="15" started-at="2018-08-06T13:10:57Z" finished-at="2018-08-06T13:10:57Z">
          <reporter-output>
          </reporter-output>
        </test-method> <!-- checkTestRunnable -->
        <test-method status="PASS" signature="init()[pri:0, instance:com.selenium.mothercare.testcases.SuiteCheckout_Desktop.TC_REG_MUK_138@18d1062]" name="init" is-config="true" duration-ms="59404" started-at="2018-08-06T13:10:57Z" finished-at="2018-08-06T13:11:57Z">
          <reporter-output>
          </reporter-output>
        </test-method> <!-- init -->
        <test-method status="PASS" signature="tc_REG_MUK_145(java.util.Hashtable)[pri:0, instance:com.selenium.mothercare.testcases.SuiteCheckout_Desktop.TC_REG_MUK_138@18d1062]" name="tc_REG_MUK_145" duration-ms="156126" started-at="2018-08-06T13:11:57Z" data-provider="getData" finished-at="2018-08-06T13:14:33Z">
          <params>
            <param index="0">
              <value>
                <![CDATA[{PayPalUsername=t1_1359732862_per@javelingroup.com, Username=savedcard@mailinator.com, PayPalPassword=359732825, Password=Test_1234, Product=511423, Runmode=Y, GiftCard=6331134161023251830}]]>
              </value>
            </param>
          </params>
          <reporter-output>
          </reporter-output>
        </test-method> <!-- tc_REG_MUK_145 -->
        <test-method status="PASS" signature="quit()[pri:0, instance:com.selenium.mothercare.testcases.SuiteCheckout_Desktop.TC_REG_MUK_138@18d1062]" name="quit" is-config="true" duration-ms="78" started-at="2018-08-06T13:14:33Z" finished-at="2018-08-06T13:14:33Z">
          <reporter-output>
          </reporter-output>
        </test-method> <!-- quit -->
        <test-method status="PASS" signature="tearDown()[pri:0, instance:com.selenium.mothercare.testcases.SuiteCheckout_Desktop.TC_REG_MUK_138@18d1062]" name="tearDown" is-config="true" duration-ms="3792" started-at="2018-08-06T13:14:33Z" finished-at="2018-08-06T13:14:37Z">
          <reporter-output>
          </reporter-output>
        </test-method> <!-- tearDown -->
      </class> <!-- com.selenium.mothercare.testcases.SuiteCheckout_Desktop.TC_REG_MUK_138 -->
    </test> <!-- TC_REG_MUK_138 -->
    <test name="TC_REG_MUK_150" duration-ms="319213" started-at="2018-08-06T07:44:37Z" finished-at="2018-08-06T07:49:56Z">
      <class name="com.selenium.mothercare.testcases.SuiteCheckout_Desktop.TC_REG_MUK_150">
        <test-method status="PASS" signature="checkTestRunnable()[pri:0, instance:com.selenium.mothercare.testcases.SuiteCheckout_Desktop.TC_REG_MUK_150@d1993a]" name="checkTestRunnable" is-config="true" duration-ms="46" started-at="2018-08-06T13:14:37Z" finished-at="2018-08-06T13:14:37Z">
          <reporter-output>
          </reporter-output>
        </test-method> <!-- checkTestRunnable -->
        <test-method status="PASS" signature="init()[pri:0, instance:com.selenium.mothercare.testcases.SuiteCheckout_Desktop.TC_REG_MUK_150@d1993a]" name="init" is-config="true" duration-ms="58600" started-at="2018-08-06T13:14:37Z" finished-at="2018-08-06T13:15:35Z">
          <reporter-output>
          </reporter-output>
        </test-method> <!-- init -->
        <test-method status="PASS" signature="tc_REG_MUK_143(java.util.Hashtable)[pri:0, instance:com.selenium.mothercare.testcases.SuiteCheckout_Desktop.TC_REG_MUK_150@d1993a]" name="tc_REG_MUK_143" duration-ms="256625" started-at="2018-08-06T13:15:35Z" data-provider="getData" finished-at="2018-08-06T13:19:52Z">
          <params>
            <param index="0">
              <value>
                <![CDATA[{Username=savedcard@mailinator.com, Password=Test_1234, Runmode=Y, StandardProduct=511423}]]>
              </value>
            </param>
          </params>
          <reporter-output>
          </reporter-output>
        </test-method> <!-- tc_REG_MUK_143 -->
        <test-method status="PASS" signature="quit()[pri:0, instance:com.selenium.mothercare.testcases.SuiteCheckout_Desktop.TC_REG_MUK_150@d1993a]" name="quit" is-config="true" duration-ms="104" started-at="2018-08-06T13:19:52Z" finished-at="2018-08-06T13:19:52Z">
          <reporter-output>
          </reporter-output>
        </test-method> <!-- quit -->
        <test-method status="PASS" signature="tearDown()[pri:0, instance:com.selenium.mothercare.testcases.SuiteCheckout_Desktop.TC_REG_MUK_150@d1993a]" name="tearDown" is-config="true" duration-ms="3821" started-at="2018-08-06T13:19:52Z" finished-at="2018-08-06T13:19:56Z">
          <reporter-output>
          </reporter-output>
        </test-method> <!-- tearDown -->
      </class> <!-- com.selenium.mothercare.testcases.SuiteCheckout_Desktop.TC_REG_MUK_150 -->
    </test> <!-- TC_REG_MUK_150 -->
  </suite> <!-- SuiteCheckout_Desktop -->
</testng-results>
