<?xml version="1.0" encoding="UTF-8"?>
<!-- Generated by org.testng.reporters.JUnitXMLReporter -->
<testsuite hostname="ntpc02201" name="TC_REG_MUK_036" tests="1" failures="1" timestamp="6 Aug 2018 08:57:33 GMT" time="118.707" errors="0">
  <testcase name="tc_REG_MUK_036" time="56.363" classname="com.selenium.mothercare.testcases.SuitePDP_Desktop.TC_REG_MUK_036">
    <failure type="java.lang.AssertionError" message="Delivery Options are not getting displayed based on selected variant">
      <![CDATA[java.lang.AssertionError: Delivery Options are not getting displayed based on selected variant
	at com.selenium.core.base.TestBase.reportFailure(TestBase.java:1051)
	at com.selenium.mothercare.testcases.SuitePDP_Desktop.TC_REG_MUK_036.tc_REG_MUK_036(TC_REG_MUK_036.java:109)
... Removed 26 stack frames]]>
    </failure>
  </testcase> <!-- tc_REG_MUK_036 -->
</testsuite> <!-- TC_REG_MUK_036 -->
