<?xml version="1.0" encoding="UTF-8"?>
<!-- Generated by org.testng.reporters.JUnitXMLReporter -->
<testsuite hostname="ntpc02201" name="TC_REG_MUK_175" tests="1" failures="1" timestamp="6 Aug 2018 08:49:41 GMT" time="120.557" errors="0">
  <testcase name="tc_REG_MUK_175" time="57.338" classname="com.selenium.mothercare.testcases.SuiteMyAccount_Desktop.TC_REG_MUK_175">
    <failure type="java.lang.IndexOutOfBoundsException" message="Index: 0, Size: 0">
      <![CDATA[java.lang.IndexOutOfBoundsException: Index: 0, Size: 0
	at java.util.ArrayList.rangeCheck(ArrayList.java:653)
	at java.util.ArrayList.get(ArrayList.java:429)
	at com.selenium.mothercare.testcases.SuiteMyAccount_Desktop.TC_REG_MUK_175.tc_REG_MUK_175(TC_REG_MUK_175.java:54)
... Removed 25 stack frames]]>
    </failure>
  </testcase> <!-- tc_REG_MUK_175 -->
</testsuite> <!-- TC_REG_MUK_175 -->
